2023-06-24 19:21:26,331 [INFO] Activator:176 - 


2023-06-24 19:21:26,332 [INFO] Activator:177 - !SESSION log4j initialized
2023-06-24 19:21:29,768 [INFO] LogOutputStream:77 - [STDOUT_REDIRECT] 
2023-06-24 19:22:01,175 [ERROR] LogOutputStream:75 - [STDERR_REDIRECT] SLF4J: Failed to load class "org.slf4j.impl.StaticLoggerBinder".
2023-06-24 19:22:01,176 [ERROR] LogOutputStream:75 - [STDERR_REDIRECT] SLF4J: Defaulting to no-operation (NOP) logger implementation
2023-06-24 19:22:01,179 [ERROR] LogOutputStream:75 - [STDERR_REDIRECT] SLF4J: See http://www.slf4j.org/codes.html#StaticLoggerBinder for further details.
2023-06-24 19:22:13,678 [INFO] ApplicationProperties:184 - Using Application install path: C:\ST\STM32CubeIDE_1.0.2\STM32CubeIDE\plugins\com.st.stm32cube.common.mx_6.8.1.202304191431
2023-06-24 19:22:13,701 [INFO] DbMcusXml:78 - Set database path to: C:\ST\STM32CubeIDE_1.0.2\STM32CubeIDE\plugins\com.st.stm32cube.common.mx_6.8.1.202304191431\\db\/mcu/
2023-06-24 19:22:13,701 [INFO] ApiDb:274 - Set plugin database path to: C:\ST\STM32CubeIDE_1.0.2\STM32CubeIDE\plugins\com.st.stm32cube.common.mx_6.8.1.202304191431\\db\/plugins/boardmanager/
2023-06-24 19:22:13,704 [WARN] ApiDb:259 - Overriding images path with different value:  => C:\ST\STM32CubeIDE_1.0.2\STM32CubeIDE\plugins\com.st.stm32cube.common.mx_6.8.1.202304191431\\db\/plugins/mcufinder/images/
2023-06-24 19:22:13,733 [INFO] ApiDb:250 - Set database path to: C:\Users\Admin\.stmcufinder\plugins\mcufinder//mcu/
2023-06-24 19:22:13,735 [INFO] DbMcusAds:125 - Set database path to: C:\Users\Admin\.stmcufinder\plugins\mcufinder//mcu/
2023-06-24 19:22:13,743 [INFO] CrossReferenceDbSqlite:203 - Set database path to: C:\Users\Admin\.stmcufinder\plugins\mcufinder//mcu/cs/
2023-06-24 19:22:13,879 [INFO] RulesReader:64 - Compatibility file has been processed (293 Rules)
2023-06-24 19:22:14,006 [INFO] DbMcusXml:78 - Set database path to: C:\ST\STM32CubeIDE_1.0.2\STM32CubeIDE\plugins\com.st.stm32cube.common.mx_6.8.1.202304191431\\db\/mcu/
2023-06-24 19:22:14,006 [INFO] ApiDb:274 - Set plugin database path to: C:\ST\STM32CubeIDE_1.0.2\STM32CubeIDE\plugins\com.st.stm32cube.common.mx_6.8.1.202304191431\\db\/plugins/boardmanager/
2023-06-24 19:22:14,006 [INFO] ApiDb:261 - Set plugin images path to: C:\ST\STM32CubeIDE_1.0.2\STM32CubeIDE\plugins\com.st.stm32cube.common.mx_6.8.1.202304191431\\db\/plugins/mcufinder/images/
2023-06-24 19:22:14,006 [WARN] DbFile:41 - Overriding database path with different value: C:\Users\Admin\.stmcufinder\plugins\mcufinder/ => C:\Users\Admin\.stmcufinder\plugins\mcufinder
2023-06-24 19:22:14,007 [INFO] ApiDb:250 - Set database path to: C:\Users\Admin\.stmcufinder\plugins\mcufinder//mcu/
2023-06-24 19:22:14,007 [WARN] DbFile:41 - Overriding database path with different value: C:\Users\Admin\.stmcufinder\plugins\mcufinder/ => C:\Users\Admin\.stmcufinder\plugins\mcufinder
2023-06-24 19:22:14,007 [INFO] DbMcusAds:125 - Set database path to: C:\Users\Admin\.stmcufinder\plugins\mcufinder//mcu/
2023-06-24 19:22:14,007 [WARN] DbFile:41 - Overriding database path with different value: C:\Users\Admin\.stmcufinder\plugins\mcufinder/ => C:\Users\Admin\.stmcufinder\plugins\mcufinder
2023-06-24 19:22:14,007 [WARN] DbFile:41 - Overriding database path with different value: C:\Users\Admin\.stmcufinder\plugins\mcufinder/ => C:\Users\Admin\.stmcufinder\plugins\mcufinder
2023-06-24 19:22:14,007 [INFO] CrossReferenceDbSqlite:203 - Set database path to: C:\Users\Admin\.stmcufinder\plugins\mcufinder//mcu/cs/
2023-06-24 19:22:14,098 [INFO] MainPanel:253 - HeapMemory: 310378496
2023-06-24 19:22:14,240 [INFO] DbMcusXml:78 - Set database path to: C:\ST\STM32CubeIDE_1.0.2\STM32CubeIDE\plugins\com.st.stm32cube.common.mx_6.8.1.202304191431\\db\/mcu/
2023-06-24 19:22:14,240 [INFO] ApiDb:274 - Set plugin database path to: C:\ST\STM32CubeIDE_1.0.2\STM32CubeIDE\plugins\com.st.stm32cube.common.mx_6.8.1.202304191431\\db\/plugins/boardmanager/
2023-06-24 19:22:14,240 [INFO] ApiDb:261 - Set plugin images path to: C:\ST\STM32CubeIDE_1.0.2\STM32CubeIDE\plugins\com.st.stm32cube.common.mx_6.8.1.202304191431\\db\/plugins/mcufinder/images/
2023-06-24 19:22:14,241 [WARN] DbFile:41 - Overriding database path with different value: C:\Users\Admin\.stmcufinder\plugins\mcufinder/ => C:\Users\Admin\.stmcufinder\plugins\mcufinder
2023-06-24 19:22:14,242 [INFO] ApiDb:250 - Set database path to: C:\Users\Admin\.stmcufinder\plugins\mcufinder//mcu/
2023-06-24 19:22:14,242 [WARN] DbFile:41 - Overriding database path with different value: C:\Users\Admin\.stmcufinder\plugins\mcufinder/ => C:\Users\Admin\.stmcufinder\plugins\mcufinder
2023-06-24 19:22:14,242 [INFO] DbMcusAds:125 - Set database path to: C:\Users\Admin\.stmcufinder\plugins\mcufinder//mcu/
2023-06-24 19:22:14,242 [WARN] DbFile:41 - Overriding database path with different value: C:\Users\Admin\.stmcufinder\plugins\mcufinder/ => C:\Users\Admin\.stmcufinder\plugins\mcufinder
2023-06-24 19:22:14,242 [WARN] DbFile:41 - Overriding database path with different value: C:\Users\Admin\.stmcufinder\plugins\mcufinder/ => C:\Users\Admin\.stmcufinder\plugins\mcufinder
2023-06-24 19:22:14,242 [INFO] CrossReferenceDbSqlite:203 - Set database path to: C:\Users\Admin\.stmcufinder\plugins\mcufinder//mcu/cs/
2023-06-24 19:22:14,271 [INFO] ApplicationProperties:184 - Using Application install path: C:\ST\STM32CubeIDE_1.0.2\STM32CubeIDE\plugins\com.st.stm32cube.common.mx_6.8.1.202304191431
2023-06-24 19:22:14,273 [INFO] PluginManage:196 - Search for loadable plugins [exclusion list=, ]
2023-06-24 19:22:14,277 [INFO] PluginManage:310 - Check plugin analytics
2023-06-24 19:22:23,680 [INFO] AnalyticsPlugin:253 - Accepted Software Licenses: STM32CubeMX.6.8.1
2023-06-24 19:22:23,682 [INFO] AnalyticsPlugin:255 - Accepted CMSIS Pack Licenses: 
2023-06-24 19:22:23,683 [INFO] AnalyticsPlugin:257 - Accepted Firmware Licenses: 
2023-06-24 19:22:23,705 [INFO] PluginManage:359 - Loaded plugin analytics (category:tool,tabindex:-1)
2023-06-24 19:22:23,706 [INFO] PluginManage:310 - Check plugin cadmodel
2023-06-24 19:22:23,731 [INFO] CADModel:105 - Init CAD model plugin
2023-06-24 19:22:23,731 [INFO] PluginManage:359 - Loaded plugin cadmodel (category:power,tabindex:5)
2023-06-24 19:22:23,732 [INFO] PluginManage:310 - Check plugin clock
2023-06-24 19:22:23,772 [INFO] PluginManage:359 - Loaded plugin clock (category:base,tabindex:2)
2023-06-24 19:22:23,772 [INFO] PluginManage:310 - Check plugin ddr
2023-06-24 19:22:23,777 [INFO] PluginManage:359 - Loaded plugin ddr (category:tool,tabindex:6)
2023-06-24 19:22:23,777 [INFO] PluginManage:310 - Check plugin filemanager
2023-06-24 19:22:24,087 [INFO] PluginManage:359 - Loaded plugin filemanager (category:base,tabindex:10)
2023-06-24 19:22:24,087 [INFO] PluginManage:310 - Check plugin ipmanager
2023-06-24 19:22:24,104 [INFO] PluginManage:359 - Loaded plugin ipmanager (category:base,tabindex:5)
2023-06-24 19:22:24,105 [INFO] PluginManage:310 - Check plugin lpbam
2023-06-24 19:22:24,154 [INFO] PluginManage:359 - Loaded plugin lpbam (category:base,tabindex:0)
2023-06-24 19:22:24,155 [INFO] PluginManage:310 - Check plugin pinoutandconfiguration
2023-06-24 19:22:24,209 [INFO] PluginManage:359 - Loaded plugin pinoutandconfiguration (category:base,tabindex:1)
2023-06-24 19:22:24,210 [INFO] PluginManage:310 - Check plugin pinoutconfig
2023-06-24 19:22:24,552 [WARN] SupportedApi:132 - Cannot load RTOS API schema: s4s-elt-must-match.1: The content of 'definitions' must match (annotation?, (simpleType | complexType)?, (unique | key | keyref)*)). A problem was found starting at: attribute.
2023-06-24 19:22:25,054 [INFO] PluginManage:359 - Loaded plugin pinoutconfig (category:base,tabindex:0)
2023-06-24 19:22:25,055 [INFO] PluginManage:310 - Check plugin power
2023-06-24 19:22:25,127 [INFO] PluginManage:359 - Loaded plugin power (category:power,tabindex:4)
2023-06-24 19:22:25,128 [INFO] PluginManage:310 - Check plugin projectmanager
2023-06-24 19:22:25,174 [INFO] PluginManage:359 - Loaded plugin projectmanager (category:projectmanager,tabindex:3)
2023-06-24 19:22:25,175 [INFO] PluginManage:310 - Check plugin thirdparty
2023-06-24 19:22:25,688 [INFO] PluginManage:359 - Loaded plugin thirdparty (category:base,tabindex:-1)
2023-06-24 19:22:25,688 [WARN] IntegrityCheckThread:84 - waiting for thirdparty lock release [integrity check]
2023-06-24 19:22:25,688 [INFO] PluginManage:310 - Check plugin tools
2023-06-24 19:22:25,688 [INFO] IntegrityCheckThread:86 - entering critical section [integrity check]
2023-06-24 19:22:25,690 [INFO] ThirdPartyUpdaterWithRetryManager:70 - Updater plugin not ready yet. [1/15]
2023-06-24 19:22:25,741 [INFO] PluginManage:359 - Loaded plugin tools (category:base,tabindex:7)
2023-06-24 19:22:25,741 [INFO] PluginManage:310 - Check plugin tutovideos
2023-06-24 19:22:26,176 [INFO] PluginManage:359 - Loaded plugin tutovideos (category:base,tabindex:-1)
2023-06-24 19:22:26,179 [INFO] PluginManage:310 - Check plugin updater
2023-06-24 19:22:26,225 [INFO] PluginManage:359 - Loaded plugin updater (category:base,tabindex:12)
2023-06-24 19:22:26,230 [INFO] PluginManage:283 - PluginManage : Loaded plugins [15]
2023-06-24 19:22:26,855 [INFO] PinOutPanel:1499 - setPackage(No Configuration,No Configuration)
2023-06-24 19:22:27,032 [INFO] CADModel:165 - CPN selected for project level
2023-06-24 19:22:27,033 [INFO] CADModel:114 - Register for checkConnection events
2023-06-24 19:22:27,075 [INFO] IPUIPlugin:80 - create IPUIPlugin
2023-06-24 19:22:27,076 [INFO] PluginManager:220 - loadIPPluginJar : add adc
2023-06-24 19:22:27,134 [INFO] IPUIPlugin:80 - create IPUIPlugin
2023-06-24 19:22:27,135 [INFO] PluginManager:220 - loadIPPluginJar : add aes
2023-06-24 19:22:27,219 [INFO] IPUIPlugin:80 - create IPUIPlugin
2023-06-24 19:22:27,219 [INFO] PluginManager:220 - loadIPPluginJar : add can
2023-06-24 19:22:27,269 [INFO] IPUIPlugin:80 - create IPUIPlugin
2023-06-24 19:22:27,270 [INFO] PluginManager:220 - loadIPPluginJar : add comp
2023-06-24 19:22:27,328 [INFO] IPUIPlugin:80 - create IPUIPlugin
2023-06-24 19:22:27,328 [INFO] PluginManager:220 - loadIPPluginJar : add cryp
2023-06-24 19:22:27,371 [INFO] IPUIPlugin:80 - create IPUIPlugin
2023-06-24 19:22:27,371 [INFO] PluginManager:220 - loadIPPluginJar : add dfsdm
2023-06-24 19:22:27,401 [INFO] IPUIPlugin:80 - create IPUIPlugin
2023-06-24 19:22:27,402 [INFO] PluginManager:220 - loadIPPluginJar : add dma
2023-06-24 19:22:27,494 [INFO] IPUIPlugin:80 - create IPUIPlugin
2023-06-24 19:22:27,495 [INFO] PluginManager:220 - loadIPPluginJar : add dma3
2023-06-24 19:22:27,537 [INFO] IPUIPlugin:80 - create IPUIPlugin
2023-06-24 19:22:27,537 [INFO] PluginManager:220 - loadIPPluginJar : add fatfs
2023-06-24 19:22:27,636 [INFO] IPUIPlugin:80 - create IPUIPlugin
2023-06-24 19:22:27,636 [INFO] PluginManager:220 - loadIPPluginJar : add fmc
2023-06-24 19:22:27,659 [INFO] IPUIPlugin:80 - create IPUIPlugin
2023-06-24 19:22:27,662 [INFO] PluginManager:220 - loadIPPluginJar : add freertos
2023-06-24 19:22:27,700 [INFO] IPUIPlugin:80 - create IPUIPlugin
2023-06-24 19:22:27,701 [INFO] PluginManager:220 - loadIPPluginJar : add genericplugin
2023-06-24 19:22:27,930 [INFO] IPUIPlugin:80 - create IPUIPlugin
2023-06-24 19:22:27,931 [INFO] PluginManager:220 - loadIPPluginJar : add gfxmmu
2023-06-24 19:22:28,185 [INFO] IPUIPlugin:80 - create IPUIPlugin
2023-06-24 19:22:28,185 [INFO] PluginManager:220 - loadIPPluginJar : add gic
2023-06-24 19:22:28,205 [INFO] IPUIPlugin:80 - create IPUIPlugin
2023-06-24 19:22:28,205 [INFO] PluginManager:220 - loadIPPluginJar : add gpio
2023-06-24 19:22:28,406 [INFO] IPUIPlugin:80 - create IPUIPlugin
2023-06-24 19:22:28,406 [INFO] PluginManager:220 - loadIPPluginJar : add gtzc
2023-06-24 19:22:28,505 [INFO] IPUIPlugin:80 - create IPUIPlugin
2023-06-24 19:22:28,505 [INFO] PluginManager:220 - loadIPPluginJar : add hash
2023-06-24 19:22:28,651 [INFO] IPUIPlugin:80 - create IPUIPlugin
2023-06-24 19:22:28,651 [INFO] PluginManager:220 - loadIPPluginJar : add i2c
2023-06-24 19:22:28,707 [INFO] ThirdPartyUpdaterWithRetryManager:70 - Updater plugin not ready yet. [2/15]
2023-06-24 19:22:28,771 [INFO] IPUIPlugin:80 - create IPUIPlugin
2023-06-24 19:22:28,772 [INFO] PluginManager:220 - loadIPPluginJar : add i2s
2023-06-24 19:22:28,870 [INFO] IPUIPlugin:80 - create IPUIPlugin
2023-06-24 19:22:28,871 [INFO] PluginManager:220 - loadIPPluginJar : add i3c
2023-06-24 19:22:29,153 [INFO] IPUIPlugin:80 - create IPUIPlugin
2023-06-24 19:22:29,153 [INFO] PluginManager:220 - loadIPPluginJar : add ipddr
2023-06-24 19:22:29,363 [INFO] IPUIPlugin:80 - create IPUIPlugin
2023-06-24 19:22:29,363 [INFO] PluginManager:220 - loadIPPluginJar : add linkedlist
2023-06-24 19:22:29,402 [INFO] IPUIPlugin:80 - create IPUIPlugin
2023-06-24 19:22:29,403 [INFO] PluginManager:220 - loadIPPluginJar : add lorawan
2023-06-24 19:22:29,441 [INFO] IPUIPlugin:80 - create IPUIPlugin
2023-06-24 19:22:29,441 [INFO] PluginManager:220 - loadIPPluginJar : add ltdc
2023-06-24 19:22:29,457 [INFO] IPUIPlugin:80 - create IPUIPlugin
2023-06-24 19:22:29,458 [INFO] PluginManager:220 - loadIPPluginJar : add mdma
2023-06-24 19:22:29,472 [INFO] IPUIPlugin:80 - create IPUIPlugin
2023-06-24 19:22:29,472 [INFO] PluginManager:220 - loadIPPluginJar : add nvic
2023-06-24 19:22:29,542 [INFO] IPUIPlugin:80 - create IPUIPlugin
2023-06-24 19:22:29,543 [INFO] PluginManager:220 - loadIPPluginJar : add opamp
2023-06-24 19:22:29,625 [INFO] IPUIPlugin:80 - create IPUIPlugin
2023-06-24 19:22:29,626 [INFO] PluginManager:220 - loadIPPluginJar : add openamp
2023-06-24 19:22:29,677 [INFO] IPUIPlugin:80 - create IPUIPlugin
2023-06-24 19:22:29,677 [INFO] PluginManager:220 - loadIPPluginJar : add pdm2pcm
2023-06-24 19:22:29,695 [INFO] IPUIPlugin:80 - create IPUIPlugin
2023-06-24 19:22:29,699 [INFO] PluginManager:220 - loadIPPluginJar : add plateformsettings
2023-06-24 19:22:29,722 [INFO] IPUIPlugin:80 - create IPUIPlugin
2023-06-24 19:22:29,722 [INFO] PluginManager:220 - loadIPPluginJar : add quadspi
2023-06-24 19:22:29,737 [INFO] IPUIPlugin:80 - create IPUIPlugin
2023-06-24 19:22:29,737 [INFO] PluginManager:220 - loadIPPluginJar : add resmgrutility
2023-06-24 19:22:29,790 [INFO] IPUIPlugin:80 - create IPUIPlugin
2023-06-24 19:22:29,790 [INFO] PluginManager:220 - loadIPPluginJar : add sai
2023-06-24 19:22:29,841 [INFO] IPUIPlugin:80 - create IPUIPlugin
2023-06-24 19:22:29,841 [INFO] PluginManager:220 - loadIPPluginJar : add spi
2023-06-24 19:22:29,925 [INFO] IPUIPlugin:80 - create IPUIPlugin
2023-06-24 19:22:29,925 [INFO] PluginManager:220 - loadIPPluginJar : add stm32_wpan
2023-06-24 19:22:29,951 [INFO] IPUIPlugin:80 - create IPUIPlugin
2023-06-24 19:22:29,951 [INFO] PluginManager:220 - loadIPPluginJar : add tim
2023-06-24 19:22:30,016 [INFO] IPUIPlugin:80 - create IPUIPlugin
2023-06-24 19:22:30,016 [INFO] PluginManager:220 - loadIPPluginJar : add touchsensing
2023-06-24 19:22:30,044 [INFO] IPUIPlugin:80 - create IPUIPlugin
2023-06-24 19:22:30,044 [INFO] PluginManager:220 - loadIPPluginJar : add tracer_emb
2023-06-24 19:22:30,067 [INFO] IPUIPlugin:80 - create IPUIPlugin
2023-06-24 19:22:30,067 [INFO] PluginManager:220 - loadIPPluginJar : add ts
2023-06-24 19:22:30,106 [INFO] IPUIPlugin:80 - create IPUIPlugin
2023-06-24 19:22:30,106 [INFO] PluginManager:220 - loadIPPluginJar : add tsc
2023-06-24 19:22:30,129 [INFO] IPUIPlugin:80 - create IPUIPlugin
2023-06-24 19:22:30,130 [INFO] PluginManager:220 - loadIPPluginJar : add ucpd
2023-06-24 19:22:30,186 [INFO] IPUIPlugin:80 - create IPUIPlugin
2023-06-24 19:22:30,186 [INFO] PluginManager:220 - loadIPPluginJar : add usart
2023-06-24 19:22:30,230 [INFO] IPUIPlugin:80 - create IPUIPlugin
2023-06-24 19:22:30,230 [INFO] PluginManager:220 - loadIPPluginJar : add usbx
2023-06-24 19:22:30,383 [INFO] CADModel:165 - CPN selected for project level
2023-06-24 19:22:30,383 [INFO] CADModel:114 - Register for checkConnection events
2023-06-24 19:22:30,384 [FATAL] Updater:308 - Updater called before beeing initialized
2023-06-24 19:22:30,384 [ERROR] CADModel:125 - Updater not yet initialized, retry later 
2023-06-24 19:22:30,587 [INFO] CADModel:165 - CPN selected for project level
2023-06-24 19:22:30,587 [INFO] CADModel:114 - Register for checkConnection events
2023-06-24 19:22:30,588 [FATAL] Updater:308 - Updater called before beeing initialized
2023-06-24 19:22:30,588 [ERROR] CADModel:125 - Updater not yet initialized, retry later 
2023-06-24 19:22:30,594 [FATAL] Updater:308 - Updater called before beeing initialized
2023-06-24 19:22:30,750 [FATAL] Updater:308 - Updater called before beeing initialized
2023-06-24 19:22:30,760 [INFO] DbMcusAds:53 - JSON generation date=Tue Mar 07 08:50:55 GMT 2023 (1678179055335)
2023-06-24 19:22:30,760 [FATAL] Updater:308 - Updater called before beeing initialized
2023-06-24 19:22:30,872 [WARN] DetailPanel:346 - Failed to get advertising image, set to default
2023-06-24 19:22:31,036 [FATAL] Updater:308 - Updater called before beeing initialized
2023-06-24 19:22:31,039 [FATAL] Updater:308 - Updater called before beeing initialized
2023-06-24 19:22:31,039 [FATAL] Updater:308 - Updater called before beeing initialized
2023-06-24 19:22:31,039 [WARN] DetailPanel:346 - Failed to get advertising image, set to default
2023-06-24 19:22:31,039 [FATAL] Updater:308 - Updater called before beeing initialized
2023-06-24 19:22:31,113 [ERROR] Updater:1120 - MainUpdater not yet initialized. External WinMGr cannot be set.
2023-06-24 19:22:31,123 [INFO] Updater:1056 - Updater Version found : 6.8.1
2023-06-24 19:22:31,160 [INFO] ApplicationProperties:184 - Using Application install path: C:\ST\STM32CubeIDE_1.0.2\STM32CubeIDE\plugins\com.st.stm32cube.common.mx_6.8.1.202304191431
2023-06-24 19:22:31,592 [INFO] MainUpdater:2854 - connection check result : 10
2023-06-24 19:22:31,592 [INFO] MainUpdater:3548 - Updater definition file requires update
2023-06-24 19:22:31,594 [INFO] MainUpdater:283 - Updater Check For Update Now.
2023-06-24 19:22:31,594 [INFO] MicroXplorer:498 - Change Database Version : DB.6.0.81
2023-06-24 19:22:31,699 [INFO] ServerAccessManage:473 - Download File updaters.zip
2023-06-24 19:22:31,720 [WARN] MainUpdater:1187 - Updater busy. Cannot search thirdparties
2023-06-24 19:22:31,720 [INFO] ThirdPartyUpdaterWithRetryManager:96 - Updater plugin is busy. [1/15]
2023-06-24 19:22:31,915 [INFO] FileExtend:240 - Unzip File : updaters.zip
2023-06-24 19:22:31,915 [INFO] FileExtend:255 - Standard Zip Deflate
2023-06-24 19:22:32,648 [INFO] ServerAccessManage:473 - Download File PacksControlFlags.xml
2023-06-24 19:22:32,866 [INFO] ServerAccessManage:473 - Download File cubemx.pidx
2023-06-24 19:22:33,205 [INFO] LoadServerUpdatesThread:373 - End of LoadServerUpdate Thread
2023-06-24 19:22:33,541 [INFO] CheckServerUpdateThread:120 - End of CheckServer Thread
2023-06-24 19:22:33,668 [INFO] MainUpdater:2854 - connection check result : 10
2023-06-24 19:22:33,704 [INFO] McuFinderGlobals:66 - Set McuFinderConnectedMode to true
2023-06-24 19:22:34,102 [INFO] ServerAccessManage:473 - Download File mcusAds.json._tmp_
2023-06-24 19:22:34,216 [INFO] LoadUrlFilesThread:156 - End of LoadUrlFiles Thread
2023-06-24 19:22:34,427 [INFO] ServerAccessManage:473 - Download File cube-finder-db.zip
2023-06-24 19:22:34,723 [WARN] MainUpdater:1187 - Updater busy. Cannot search thirdparties
2023-06-24 19:22:34,723 [INFO] ThirdPartyUpdaterWithRetryManager:96 - Updater plugin is busy. [2/15]
2023-06-24 19:22:37,727 [WARN] MainUpdater:1187 - Updater busy. Cannot search thirdparties
2023-06-24 19:22:37,727 [INFO] ThirdPartyUpdaterWithRetryManager:96 - Updater plugin is busy. [3/15]
2023-06-24 19:22:40,740 [WARN] MainUpdater:1187 - Updater busy. Cannot search thirdparties
2023-06-24 19:22:40,740 [INFO] ThirdPartyUpdaterWithRetryManager:96 - Updater plugin is busy. [4/15]
2023-06-24 19:22:43,742 [WARN] MainUpdater:1187 - Updater busy. Cannot search thirdparties
2023-06-24 19:22:43,742 [INFO] ThirdPartyUpdaterWithRetryManager:96 - Updater plugin is busy. [5/15]
2023-06-24 19:22:46,745 [WARN] MainUpdater:1187 - Updater busy. Cannot search thirdparties
2023-06-24 19:22:46,745 [INFO] ThirdPartyUpdaterWithRetryManager:96 - Updater plugin is busy. [6/15]
2023-06-24 19:22:49,751 [WARN] MainUpdater:1187 - Updater busy. Cannot search thirdparties
2023-06-24 19:22:49,751 [INFO] ThirdPartyUpdaterWithRetryManager:96 - Updater plugin is busy. [7/15]
2023-06-24 19:22:52,756 [WARN] MainUpdater:1187 - Updater busy. Cannot search thirdparties
2023-06-24 19:22:52,756 [INFO] ThirdPartyUpdaterWithRetryManager:96 - Updater plugin is busy. [8/15]
2023-06-24 19:22:55,768 [WARN] MainUpdater:1187 - Updater busy. Cannot search thirdparties
2023-06-24 19:22:55,768 [INFO] ThirdPartyUpdaterWithRetryManager:96 - Updater plugin is busy. [9/15]
2023-06-24 19:22:58,779 [WARN] MainUpdater:1187 - Updater busy. Cannot search thirdparties
2023-06-24 19:22:58,779 [INFO] ThirdPartyUpdaterWithRetryManager:96 - Updater plugin is busy. [10/15]
2023-06-24 19:23:01,787 [WARN] MainUpdater:1187 - Updater busy. Cannot search thirdparties
2023-06-24 19:23:01,787 [INFO] ThirdPartyUpdaterWithRetryManager:96 - Updater plugin is busy. [11/15]
2023-06-24 19:23:04,790 [WARN] MainUpdater:1187 - Updater busy. Cannot search thirdparties
2023-06-24 19:23:04,790 [INFO] ThirdPartyUpdaterWithRetryManager:96 - Updater plugin is busy. [12/15]
2023-06-24 19:23:07,798 [WARN] MainUpdater:1187 - Updater busy. Cannot search thirdparties
2023-06-24 19:23:07,798 [INFO] ThirdPartyUpdaterWithRetryManager:96 - Updater plugin is busy. [13/15]
2023-06-24 19:23:09,440 [INFO] FileExtend:240 - Unzip File : cube-finder-db.zip
2023-06-24 19:23:09,440 [INFO] FileExtend:255 - Standard Zip Deflate
2023-06-24 19:23:10,463 [INFO] LoadUrlFilesThread:156 - End of LoadUrlFiles Thread
2023-06-24 19:23:10,798 [WARN] MainUpdater:1187 - Updater busy. Cannot search thirdparties
2023-06-24 19:23:10,798 [INFO] ThirdPartyUpdaterWithRetryManager:96 - Updater plugin is busy. [14/15]
2023-06-24 19:23:10,959 [INFO] ServerAccessManage:473 - Download File crdb.zip
2023-06-24 19:23:11,776 [INFO] FileExtend:240 - Unzip File : crdb.zip
2023-06-24 19:23:11,776 [INFO] FileExtend:255 - Standard Zip Deflate
2023-06-24 19:23:11,939 [INFO] LoadUrlFilesThread:156 - End of LoadUrlFiles Thread
2023-06-24 19:23:12,122 [INFO] ServerAccessManage:473 - Download File tutoVideoDB.zip
2023-06-24 19:23:12,245 [INFO] FileExtend:240 - Unzip File : tutoVideoDB.zip
2023-06-24 19:23:12,246 [INFO] FileExtend:255 - Standard Zip Deflate
2023-06-24 19:23:12,377 [INFO] LoadUrlFilesThread:156 - End of LoadUrlFiles Thread
2023-06-24 19:23:12,381 [WARN] DbFile:41 - Overriding database path with different value: C:\Users\Admin\.stmcufinder\plugins\mcufinder/ => C:\Users\Admin\.stmcufinder\plugins\mcufinder
2023-06-24 19:23:12,462 [INFO] ServerAccessManage:473 - Download File api_config.json
2023-06-24 19:23:12,578 [INFO] LoadUrlFilesThread:156 - End of LoadUrlFiles Thread
2023-06-24 19:23:12,579 [INFO] DbMcusAds:53 - JSON generation date=Tue Mar 07 08:50:55 GMT 2023 (1678179055335)
2023-06-24 19:23:12,605 [INFO] LoadUrlFilesThread:185 - End of LoadServerUrlFiles without Thread
2023-06-24 19:23:12,605 [INFO] TargetSelectorAdapter:259 - Refresh data is successful
2023-06-24 19:23:12,753 [INFO] ApiDb:581 - Connected to CubeFinder SQLite database (C:\Users\Admin\.stmcufinder\plugins\mcufinder\mcu\cube-finder-db.db)
2023-06-24 19:23:12,866 [INFO] ApiDb:668 - CubeFinder database Data Model version=2.1
2023-06-24 19:23:12,866 [INFO] ApiDb:669 - CubeFinder database Configuration version=3.0.35
2023-06-24 19:23:12,867 [INFO] ApiDb:670 - CubeFinder database generation date=2023-05-12 (1683877179)
2023-06-24 19:23:12,867 [INFO] ApiDb:671 - CubeFinder database FW Pack versions=[FP-ATR-ASTRA1_V2.0.0, FP-SNS-FLIGHT1_V5.0.0, FP-SNS-MOTENV1_V4.3.0, STM32Cube_FW_C0_V1.0.1, STM32Cube_FW_F0_V1.11.4, STM32Cube_FW_F3_V1.11.4, STM32Cube_FW_F4_V1.27.1, STM32Cube_FW_F7_V1.17.0, STM32Cube_FW_G0_V1.6.1, STM32Cube_FW_G4_V1.5.1, STM32Cube_FW_H5_V0.5.1, STM32Cube_FW_H5_V1.0.0, STM32Cube_FW_H7_V1.11.0, STM32Cube_FW_L0_V1.12.2, STM32Cube_FW_L5_V1.5.0, STM32Cube_FW_U5_V1.2.0, STM32Cube_FW_WBA_V1.0.0, STM32Cube_FW_WBA_V1.0.0RC1, STM32Cube_FW_WBA_V1.0.0RC3, STM32Cube_FW_WB_V1.15.0RC1, STM32Cube_FW_WB_V1.16.0, STM32Cube_FW_WB_V1.16.0RC2, STM32Cube_FW_WL_V1.3.0, X-CUBE-ALGOBUILD_V1.3.0, X-CUBE-ALS_V1.0.1, X-CUBE-AZRTOS-F4_V1.1.0, X-CUBE-AZRTOS-F7_V1.1.0, X-CUBE-AZRTOS-G0_V1.1.0, X-CUBE-AZRTOS-G4_V2.0.0, X-CUBE-AZRTOS-H7_V3.1.0, X-CUBE-AZRTOS-L4_V1.0.0, X-CUBE-AZRTOS-L5_V1.1.0, X-CUBE-AZRTOS-WB_V1.1.0, X-CUBE-AZRTOS-WL_V1.0.0, X-CUBE-BLE1_V6.2.4, X-CUBE-BLE2_V3.3.0, X-CUBE-BLEMGR_V2.0.0, X-CUBE-EEPRMA1_V4.1.0, X-CUBE-FREERTOS_V1.0.1, X-CUBE-GNSS1_V6.0.0, X-CUBE-MEMS1_V9.1.0, X-CUBE-MEMS1_V9.4.0, X-CUBE-MEMS1_V9.6.0, X-CUBE-NFC4_V3.0.0, X-CUBE-NFC7_V1.0.0, X-CUBE-SFXS2LP1_V4.0.0, X-CUBE-SUBG2_V5.0.0]
2023-06-24 19:23:14,016 [WARN] PackLoader:240 - Cannot read IP mode file for STMicroelectronics.X-CUBE-SMBUS.2.1.0
2023-06-24 19:23:14,170 [WARN] PackLoader:240 - Cannot read IP mode file for STMicroelectronics.X-CUBE-MEMS1.9.6.0
2023-06-24 19:23:14,546 [ERROR] RealEvaluatedCondition:428 - Found unsupported composite condition: GROUP='STM32_MetaDataManager' CLASS='Data Exchange'
2023-06-24 19:23:14,547 [ERROR] RealEvaluatedCondition:428 - Found unsupported composite condition: GROUP='STM32_MetaDataManager' CLASS='Data Exchange'
2023-06-24 19:23:14,550 [WARN] PackLoader:240 - Cannot read IP mode file for STMicroelectronics.FP-SNS-MOTENV1.4.3.1
2023-06-24 19:23:14,573 [WARN] PackLoader:240 - Cannot read IP mode file for STMicroelectronics.FP-SNS-FLIGHT1.5.0.1
2023-06-24 19:23:14,598 [WARN] PackLoader:240 - Cannot read IP mode file for STMicroelectronics.X-CUBE-BLE1.6.2.4
2023-06-24 19:23:14,625 [WARN] PackLoader:240 - Cannot read IP mode file for STMicroelectronics.X-CUBE-BLEMGR.2.0.0
2023-06-24 19:23:14,696 [WARN] ConditionMgr:438 - getConditionDescription Invalid condition id : UX DEVICE CLASS RTOS Condition cause : null
2023-06-24 19:23:14,696 [WARN] ConditionMgr:438 - getConditionDescription Invalid condition id : UX DEVICE CLASS RTOS Condition cause : null
2023-06-24 19:23:14,704 [WARN] PackLoader:240 - Cannot read IP mode file for STMicroelectronics.X-CUBE-AZRTOS-H7.3.1.0
2023-06-24 19:23:14,714 [WARN] ConditionMgr:1039 - genDependencies : Invalid condition id : UX DEVICE CLASS RTOS Condition cause : null
2023-06-24 19:23:14,714 [WARN] ConditionMgr:1039 - genDependencies : Invalid condition id : UX DEVICE CLASS RTOS Condition cause : null
2023-06-24 19:23:14,715 [WARN] ConditionMgr:1039 - genDependencies : Invalid condition id : UX DEVICE CLASS RTOS Condition cause : null
2023-06-24 19:23:14,716 [WARN] ConditionMgr:1039 - genDependencies : Invalid condition id : UX DEVICE CLASS RTOS Condition cause : null
2023-06-24 19:23:14,716 [WARN] ConditionMgr:1039 - genDependencies : Invalid condition id : UX DEVICE CLASS RTOS Condition cause : null
2023-06-24 19:23:14,747 [WARN] PackLoader:240 - Cannot read IP mode file for STMicroelectronics.X-CUBE-DISPLAY.3.0.0
2023-06-24 19:23:14,775 [WARN] PackLoader:240 - Cannot read IP mode file for STMicroelectronics.X-CUBE-NFC7.1.0.1
2023-06-24 19:23:14,802 [WARN] PackLoader:240 - Cannot read IP mode file for STMicroelectronics.X-CUBE-EEPRMA1.4.1.0
2023-06-24 19:23:14,855 [INFO] LogOutputStream:77 - [STDOUT_REDIRECT] 1 : Invalid condition id : UX_CORESTACK_Condition cause : null
2023-06-24 19:23:14,856 [INFO] LogOutputStream:77 - [STDOUT_REDIRECT] 1 : Invalid condition id : UX_CORESTACK_Condition cause : null
2023-06-24 19:23:14,858 [INFO] LogOutputStream:77 - [STDOUT_REDIRECT] 1 : Invalid condition id : UX_CORESTACK_Condition cause : null
2023-06-24 19:23:14,861 [INFO] LogOutputStream:77 - [STDOUT_REDIRECT] 1 : Invalid condition id : UX_CORESTACK_Condition cause : null
2023-06-24 19:23:14,862 [INFO] LogOutputStream:77 - [STDOUT_REDIRECT] 1 : Invalid condition id : UX_CORESTACK_Condition cause : null
2023-06-24 19:23:14,869 [WARN] PackLoader:240 - Cannot read IP mode file for STMicroelectronics.X-CUBE-AZRTOS-WL.2.0.0
2023-06-24 19:23:14,930 [WARN] ConditionMgr:438 - getConditionDescription Invalid condition id : LAN8742 Phy interface Condition cause : null
2023-06-24 19:23:14,931 [WARN] PackLoader:240 - Cannot read IP mode file for STMicroelectronics.X-CUBE-AZRTOS-L4.2.0.0
2023-06-24 19:23:14,932 [WARN] ConditionMgr:1039 - genDependencies : Invalid condition id : LAN8742 Phy interface Condition cause : null
2023-06-24 19:23:14,933 [WARN] ConditionMgr:1039 - genDependencies : Invalid condition id : LAN8742 Phy interface Condition cause : null
2023-06-24 19:23:14,935 [WARN] ConditionMgr:1039 - genDependencies : Invalid condition id : LAN8742 Phy interface Condition cause : null
2023-06-24 19:23:14,968 [WARN] PackLoader:240 - Cannot read IP mode file for WES.I-CUBE-Cesium.1.3.0
2023-06-24 19:23:14,984 [WARN] PackLoader:240 - Cannot read IP mode file for STMicroelectronics.X-CUBE-ISPU.1.1.0
2023-06-24 19:23:15,004 [WARN] PackLoader:240 - Cannot read IP mode file for STMicroelectronics.X-CUBE-FREERTOS.1.0.1
2023-06-24 19:23:15,021 [WARN] PackLoader:240 - Cannot read IP mode file for STMicroelectronics.X-CUBE-TOUCHGFX.4.21.4
2023-06-24 19:23:15,058 [WARN] PackLoader:240 - Cannot read IP mode file for STMicroelectronics.X-CUBE-AZRTOS-L5.1.1.0
2023-06-24 19:23:15,077 [WARN] PackLoader:240 - Cannot read IP mode file for STMicroelectronics.X-CUBE-AI.8.0.1
2023-06-24 19:23:15,094 [WARN] PackLoader:240 - Cannot read IP mode file for STMicroelectronics.X-CUBE-NFC4.3.0.0
2023-06-24 19:23:15,133 [WARN] PackLoader:240 - Cannot read IP mode file for STMicroelectronics.X-CUBE-AZRTOS-G4.2.0.0
2023-06-24 19:23:15,172 [WARN] PackLoader:240 - Cannot read IP mode file for STMicroelectronics.X-CUBE-TOF1.3.3.0
2023-06-24 19:23:15,200 [WARN] PackLoader:240 - Cannot read IP mode file for STMicroelectronics.FP-ATR-SIGFOX1.3.2.0
2023-06-24 19:23:15,242 [WARN] PackLoader:240 - Cannot read IP mode file for STMicroelectronics.X-CUBE-AZRTOS-WB.1.1.0
2023-06-24 19:23:15,307 [WARN] PackLoader:240 - Cannot read IP mode file for SEGGER.I-CUBE-embOS.1.3.1
2023-06-24 19:23:15,413 [WARN] PackLoader:240 - Cannot read IP mode file for STMicroelectronics.FP-ATR-ASTRA1.2.0.0
2023-06-24 19:23:15,414 [INFO] ThirdParty:978 - Integrity check success = true
2023-06-24 19:23:15,414 [INFO] IntegrityCheckThread:100 - exiting critical section [integrity check]
2023-06-24 19:23:15,415 [INFO] IntegrityCheckThread:103 - End integrity checks thread
2023-06-24 19:23:16,149 [INFO] ApiDb:240 - Found 297 in-development CPN: [B-G473E-ZEST1S, B-WB1M-WPAN1, B-WL5M-SUBG1, NUCLEO-C031C6, NUCLEO-H503RB, NUCLEO-H563ZI, NUCLEO-U545RE-Q, NUCLEO-U5A5ZJ-Q, NUCLEO-WBA52CG, STEVAL-PROTEUS1, STEVAL-STWINBX1, STM320518-EVAL, STM32C0116-DK, STM32C011D6Y3TR, STM32C011D6Y6TR, STM32C011F4P3, STM32C011F4P6, STM32C011F4U3, STM32C011F4U6TR, STM32C011F6P3, STM32C011F6P6, STM32C011F6U3, STM32C011F6U6TR, STM32C011J4M3, STM32C011J4M6, STM32C011J6M3, STM32C011J6M6, STM32C0316-DK, STM32C031C4T3, STM32C031C4T6, STM32C031C4U3, STM32C031C4U6, STM32C031C6T3, STM32C031C6T6, STM32C031C6U3, STM32C031C6U6, STM32C031F4P3, STM32C031F4P6, STM32C031F6P3, STM32C031F6P6, STM32C031G4U3, STM32C031G4U6, STM32C031G6U3, STM32C031G6U6, STM32C031K4T3, STM32C031K4T6, STM32C031K4U3, STM32C031K4U6, STM32C031K6T3, STM32C031K6T6, STM32C031K6U3, STM32C031K6U6, STM32G071K8TXN, STM32G071K8UXN, STM32G081GBU6N, STM32G081KBT6N, STM32G081KBUXN, STM32G0B1CCT6N, STM32G0B1KCT6, STM32G0B1NEY6TR, STM32G0B1RCT6N, STM32G0C1CCT6, STM32G0C1CCT6N, STM32G0C1CCU6N, STM32G0C1CET6N, STM32G0C1CEU6N, STM32G0C1KCT6, STM32G0C1NEY6TR, STM32G0C1RCI6N, STM32G0C1RCT6N, STM32G0C1REI6N, STM32G0C1RET6N, STM32G0C1VCI6, STM32G0C1VEI6, STM32G471CCT6, STM32G471CCU6, STM32G471CET3, STM32G471CET6, STM32G471CEU3, STM32G471CEU6, STM32G471MCT6, STM32G471MET3, STM32G471MET6, STM32G471MEY6TR, STM32G471QCT6, STM32G471QET3, STM32G471RCT6, STM32G471RET3, STM32G471RET6, STM32G471VCH6, STM32G471VCI6, STM32G471VCT6, STM32G471VEH3, STM32G471VEH6, STM32G471VEI3, STM32G471VEI6, STM32G471VET3, STM32G471VET6, STM32G474CCT6, STM32H503CBT6, STM32H503CBU6, STM32H503EBY6TR, STM32H503KBU6, STM32H503RBT6, STM32H562AGI6, STM32H562AII6, STM32H562IGK6, STM32H562IGT6, STM32H562IIK6, STM32H562IIT6, STM32H562RGT6, STM32H562RGV6, STM32H562RIT6, STM32H562RIV6, STM32H562VGT6, STM32H562VIT6, STM32H562ZGT6, STM32H562ZIT6, STM32H563AGI6, STM32H563AII3Q, STM32H563AII6, STM32H563IGK6, STM32H563IGT6, STM32H563IIK3Q, STM32H563IIK6, STM32H563IIT3Q, STM32H563IIT6, STM32H563MIY3QTR, STM32H563RGT6, STM32H563RGV6, STM32H563RIT6, STM32H563RIV6, STM32H563VGT6, STM32H563VIT3Q, STM32H563VIT6, STM32H563ZGT6, STM32H563ZIT3Q, STM32H563ZIT6, STM32H573AII3Q, STM32H573AII6, STM32H573I-DK, STM32H573IIK3Q, STM32H573IIK6, STM32H573IIT3Q, STM32H573IIT6, STM32H573MIY3QTR, STM32H573RIT6, STM32H573RIV6, STM32H573VIT3Q, STM32H573VIT6, STM32H573ZIT3Q, STM32H573ZIT6, STM32L4R5QGI6STR, STM32MP131AAE3, STM32MP131AAF3, STM32MP131AAG3, STM32MP131CAE3, STM32MP131CAF3, STM32MP131CAG3, STM32MP131DAE7, STM32MP131DAF7, STM32MP131DAG7, STM32MP131FAE7, STM32MP131FAF7, STM32MP131FAG7, STM32MP133AAE3, STM32MP133AAF3, STM32MP133AAG3, STM32MP133CAE3, STM32MP133CAF3, STM32MP133CAG3, STM32MP133DAE7, STM32MP133DAF7, STM32MP133DAG7, STM32MP133FAE7, STM32MP133FAF7, STM32MP133FAG7, STM32MP135AAE3, STM32MP135AAF3, STM32MP135AAG3, STM32MP135CAE3, STM32MP135CAF3, STM32MP135CAG3, STM32MP135DAE7, STM32MP135DAF7, STM32MP135DAG7, STM32MP135F-DK, STM32MP135FAE7, STM32MP135FAF7, STM32MP135FAF7T, STM32MP135FAF7U, STM32MP135FAG7, STM32U535CBT6, STM32U535CBT6Q, STM32U535CBU6, STM32U535CBU6Q, STM32U535CCT6, STM32U535CCT6Q, STM32U535CCU6, STM32U535CCU6Q, STM32U535CET6, STM32U535CET6Q, STM32U535CEU6, STM32U535CEU6Q, STM32U535JEY6QTR, STM32U535NCY6QTR, STM32U535NEY6QTR, STM32U535RBI6, STM32U535RBI6Q, STM32U535RBT6, STM32U535RBT6Q, STM32U535RCI6, STM32U535RCI6Q, STM32U535RCT6, STM32U535RCT6Q, STM32U535REI6, STM32U535REI6Q, STM32U535RET6, STM32U535RET6Q, STM32U535VCI6, STM32U535VCI6Q, STM32U535VCT6, STM32U535VCT6Q, STM32U535VEI6, STM32U535VEI6Q, STM32U535VET6, STM32U535VET6Q, STM32U545CET6, STM32U545CET6Q, STM32U545CEU6, STM32U545CEU6Q, STM32U545JEY6QTR, STM32U545NEY6QTR, STM32U545REI6, STM32U545REI6Q, STM32U545RET6, STM32U545RET6Q, STM32U545VEI6, STM32U545VEI6Q, STM32U545VET6, STM32U545VET6Q, STM32U595AIH6, STM32U595AIH6Q, STM32U595AJH6, STM32U595AJH6Q, STM32U595QII6, STM32U595QII6Q, STM32U595QJI6, STM32U595QJI6Q, STM32U595RIT6, STM32U595RIT6Q, STM32U595RJT6, STM32U595RJT6Q, STM32U595VIT6, STM32U595VIT6Q, STM32U595VJT6, STM32U595VJT6Q, STM32U595ZIT6, STM32U595ZIT6Q, STM32U595ZIY6QTR, STM32U595ZJT6, STM32U595ZJT6Q, STM32U595ZJY6QTR, STM32U599BJY6QTR, STM32U599NIH6Q, STM32U599NJH6Q, STM32U599VIT6Q, STM32U599VJT6, STM32U599VJT6Q, STM32U599ZIT6Q, STM32U599ZIY6QTR, STM32U599ZJT6Q, STM32U599ZJY6QTR, STM32U5A5AJH6, STM32U5A5AJH6Q, STM32U5A5QJI6, STM32U5A5QJI6Q, STM32U5A5RJT6, STM32U5A5RJT6Q, STM32U5A5VJT6, STM32U5A5VJT6Q, STM32U5A5ZJT6, STM32U5A5ZJT6Q, STM32U5A5ZJY6QTR, STM32U5A9BJY6QTR, STM32U5A9J-DK, STM32U5A9NJH6Q, STM32U5A9VJT6Q, STM32U5A9ZJT6Q, STM32U5A9ZJY6QTR, STM32WB1MMCH6, STM32WBA52CEU6, STM32WBA52CEU6T, STM32WBA52CGU6, STM32WBA52CGU6T, STM32WL5MOCH6, STM32WL5MOCH6TR]
2023-06-24 19:23:16,158 [INFO] DbMcus:216 - Found 3775 MCUs, 3775 are supported
2023-06-24 19:23:16,161 [INFO] ApiDb:423 - Load user favorites file C:\Users\Admin/.stm32cubeide/favorites.mcus.txt: 0 item(s)
2023-06-24 19:23:16,161 [INFO] ApiDb:427 - User favorites MCUs=[]
2023-06-24 19:23:16,161 [INFO] DbMcus:222 - Set 0 / 0 favorites MCUs
2023-06-24 19:23:16,453 [INFO] ApiDb:668 - CubeFinder database Data Model version=2.1
2023-06-24 19:23:16,453 [INFO] ApiDb:669 - CubeFinder database Configuration version=3.0.35
2023-06-24 19:23:16,453 [INFO] ApiDb:670 - CubeFinder database generation date=2023-05-12 (1683877179)
2023-06-24 19:23:16,454 [INFO] ApiDb:671 - CubeFinder database FW Pack versions=[FP-ATR-ASTRA1_V2.0.0, FP-SNS-FLIGHT1_V5.0.0, FP-SNS-MOTENV1_V4.3.0, STM32Cube_FW_C0_V1.0.1, STM32Cube_FW_F0_V1.11.4, STM32Cube_FW_F3_V1.11.4, STM32Cube_FW_F4_V1.27.1, STM32Cube_FW_F7_V1.17.0, STM32Cube_FW_G0_V1.6.1, STM32Cube_FW_G4_V1.5.1, STM32Cube_FW_H5_V0.5.1, STM32Cube_FW_H5_V1.0.0, STM32Cube_FW_H7_V1.11.0, STM32Cube_FW_L0_V1.12.2, STM32Cube_FW_L5_V1.5.0, STM32Cube_FW_U5_V1.2.0, STM32Cube_FW_WBA_V1.0.0, STM32Cube_FW_WBA_V1.0.0RC1, STM32Cube_FW_WBA_V1.0.0RC3, STM32Cube_FW_WB_V1.15.0RC1, STM32Cube_FW_WB_V1.16.0, STM32Cube_FW_WB_V1.16.0RC2, STM32Cube_FW_WL_V1.3.0, X-CUBE-ALGOBUILD_V1.3.0, X-CUBE-ALS_V1.0.1, X-CUBE-AZRTOS-F4_V1.1.0, X-CUBE-AZRTOS-F7_V1.1.0, X-CUBE-AZRTOS-G0_V1.1.0, X-CUBE-AZRTOS-G4_V2.0.0, X-CUBE-AZRTOS-H7_V3.1.0, X-CUBE-AZRTOS-L4_V1.0.0, X-CUBE-AZRTOS-L5_V1.1.0, X-CUBE-AZRTOS-WB_V1.1.0, X-CUBE-AZRTOS-WL_V1.0.0, X-CUBE-BLE1_V6.2.4, X-CUBE-BLE2_V3.3.0, X-CUBE-BLEMGR_V2.0.0, X-CUBE-EEPRMA1_V4.1.0, X-CUBE-FREERTOS_V1.0.1, X-CUBE-GNSS1_V6.0.0, X-CUBE-MEMS1_V9.1.0, X-CUBE-MEMS1_V9.4.0, X-CUBE-MEMS1_V9.6.0, X-CUBE-NFC4_V3.0.0, X-CUBE-NFC7_V1.0.0, X-CUBE-SFXS2LP1_V4.0.0, X-CUBE-SUBG2_V5.0.0]
2023-06-24 19:23:16,525 [INFO] DbBoardsSqlite:226 - include board P-NUCLEO-WB55-NUCLEO as a kit item of type 'Nucleo-64'
2023-06-24 19:23:16,525 [INFO] DbBoardsSqlite:226 - include board P-NUCLEO-WB55-USBDONGLE as a kit item of type 'Nucleo USB Dongle'
2023-06-24 19:23:16,525 [INFO] DbBoardsSqlite:226 - include board STEVAL-IDP005V1 as a kit item of type 'Evaluation Board'
2023-06-24 19:23:16,526 [INFO] DbBoardsSqlite:226 - include board STEVAL-IDP005V2 as a kit item of type 'Evaluation Board'
2023-06-24 19:23:16,597 [INFO] ApiDb:240 - Found 297 in-development CPN: [B-G473E-ZEST1S, B-WB1M-WPAN1, B-WL5M-SUBG1, NUCLEO-C031C6, NUCLEO-H503RB, NUCLEO-H563ZI, NUCLEO-U545RE-Q, NUCLEO-U5A5ZJ-Q, NUCLEO-WBA52CG, STEVAL-PROTEUS1, STEVAL-STWINBX1, STM320518-EVAL, STM32C0116-DK, STM32C011D6Y3TR, STM32C011D6Y6TR, STM32C011F4P3, STM32C011F4P6, STM32C011F4U3, STM32C011F4U6TR, STM32C011F6P3, STM32C011F6P6, STM32C011F6U3, STM32C011F6U6TR, STM32C011J4M3, STM32C011J4M6, STM32C011J6M3, STM32C011J6M6, STM32C0316-DK, STM32C031C4T3, STM32C031C4T6, STM32C031C4U3, STM32C031C4U6, STM32C031C6T3, STM32C031C6T6, STM32C031C6U3, STM32C031C6U6, STM32C031F4P3, STM32C031F4P6, STM32C031F6P3, STM32C031F6P6, STM32C031G4U3, STM32C031G4U6, STM32C031G6U3, STM32C031G6U6, STM32C031K4T3, STM32C031K4T6, STM32C031K4U3, STM32C031K4U6, STM32C031K6T3, STM32C031K6T6, STM32C031K6U3, STM32C031K6U6, STM32G071K8TXN, STM32G071K8UXN, STM32G081GBU6N, STM32G081KBT6N, STM32G081KBUXN, STM32G0B1CCT6N, STM32G0B1KCT6, STM32G0B1NEY6TR, STM32G0B1RCT6N, STM32G0C1CCT6, STM32G0C1CCT6N, STM32G0C1CCU6N, STM32G0C1CET6N, STM32G0C1CEU6N, STM32G0C1KCT6, STM32G0C1NEY6TR, STM32G0C1RCI6N, STM32G0C1RCT6N, STM32G0C1REI6N, STM32G0C1RET6N, STM32G0C1VCI6, STM32G0C1VEI6, STM32G471CCT6, STM32G471CCU6, STM32G471CET3, STM32G471CET6, STM32G471CEU3, STM32G471CEU6, STM32G471MCT6, STM32G471MET3, STM32G471MET6, STM32G471MEY6TR, STM32G471QCT6, STM32G471QET3, STM32G471RCT6, STM32G471RET3, STM32G471RET6, STM32G471VCH6, STM32G471VCI6, STM32G471VCT6, STM32G471VEH3, STM32G471VEH6, STM32G471VEI3, STM32G471VEI6, STM32G471VET3, STM32G471VET6, STM32G474CCT6, STM32H503CBT6, STM32H503CBU6, STM32H503EBY6TR, STM32H503KBU6, STM32H503RBT6, STM32H562AGI6, STM32H562AII6, STM32H562IGK6, STM32H562IGT6, STM32H562IIK6, STM32H562IIT6, STM32H562RGT6, STM32H562RGV6, STM32H562RIT6, STM32H562RIV6, STM32H562VGT6, STM32H562VIT6, STM32H562ZGT6, STM32H562ZIT6, STM32H563AGI6, STM32H563AII3Q, STM32H563AII6, STM32H563IGK6, STM32H563IGT6, STM32H563IIK3Q, STM32H563IIK6, STM32H563IIT3Q, STM32H563IIT6, STM32H563MIY3QTR, STM32H563RGT6, STM32H563RGV6, STM32H563RIT6, STM32H563RIV6, STM32H563VGT6, STM32H563VIT3Q, STM32H563VIT6, STM32H563ZGT6, STM32H563ZIT3Q, STM32H563ZIT6, STM32H573AII3Q, STM32H573AII6, STM32H573I-DK, STM32H573IIK3Q, STM32H573IIK6, STM32H573IIT3Q, STM32H573IIT6, STM32H573MIY3QTR, STM32H573RIT6, STM32H573RIV6, STM32H573VIT3Q, STM32H573VIT6, STM32H573ZIT3Q, STM32H573ZIT6, STM32L4R5QGI6STR, STM32MP131AAE3, STM32MP131AAF3, STM32MP131AAG3, STM32MP131CAE3, STM32MP131CAF3, STM32MP131CAG3, STM32MP131DAE7, STM32MP131DAF7, STM32MP131DAG7, STM32MP131FAE7, STM32MP131FAF7, STM32MP131FAG7, STM32MP133AAE3, STM32MP133AAF3, STM32MP133AAG3, STM32MP133CAE3, STM32MP133CAF3, STM32MP133CAG3, STM32MP133DAE7, STM32MP133DAF7, STM32MP133DAG7, STM32MP133FAE7, STM32MP133FAF7, STM32MP133FAG7, STM32MP135AAE3, STM32MP135AAF3, STM32MP135AAG3, STM32MP135CAE3, STM32MP135CAF3, STM32MP135CAG3, STM32MP135DAE7, STM32MP135DAF7, STM32MP135DAG7, STM32MP135F-DK, STM32MP135FAE7, STM32MP135FAF7, STM32MP135FAF7T, STM32MP135FAF7U, STM32MP135FAG7, STM32U535CBT6, STM32U535CBT6Q, STM32U535CBU6, STM32U535CBU6Q, STM32U535CCT6, STM32U535CCT6Q, STM32U535CCU6, STM32U535CCU6Q, STM32U535CET6, STM32U535CET6Q, STM32U535CEU6, STM32U535CEU6Q, STM32U535JEY6QTR, STM32U535NCY6QTR, STM32U535NEY6QTR, STM32U535RBI6, STM32U535RBI6Q, STM32U535RBT6, STM32U535RBT6Q, STM32U535RCI6, STM32U535RCI6Q, STM32U535RCT6, STM32U535RCT6Q, STM32U535REI6, STM32U535REI6Q, STM32U535RET6, STM32U535RET6Q, STM32U535VCI6, STM32U535VCI6Q, STM32U535VCT6, STM32U535VCT6Q, STM32U535VEI6, STM32U535VEI6Q, STM32U535VET6, STM32U535VET6Q, STM32U545CET6, STM32U545CET6Q, STM32U545CEU6, STM32U545CEU6Q, STM32U545JEY6QTR, STM32U545NEY6QTR, STM32U545REI6, STM32U545REI6Q, STM32U545RET6, STM32U545RET6Q, STM32U545VEI6, STM32U545VEI6Q, STM32U545VET6, STM32U545VET6Q, STM32U595AIH6, STM32U595AIH6Q, STM32U595AJH6, STM32U595AJH6Q, STM32U595QII6, STM32U595QII6Q, STM32U595QJI6, STM32U595QJI6Q, STM32U595RIT6, STM32U595RIT6Q, STM32U595RJT6, STM32U595RJT6Q, STM32U595VIT6, STM32U595VIT6Q, STM32U595VJT6, STM32U595VJT6Q, STM32U595ZIT6, STM32U595ZIT6Q, STM32U595ZIY6QTR, STM32U595ZJT6, STM32U595ZJT6Q, STM32U595ZJY6QTR, STM32U599BJY6QTR, STM32U599NIH6Q, STM32U599NJH6Q, STM32U599VIT6Q, STM32U599VJT6, STM32U599VJT6Q, STM32U599ZIT6Q, STM32U599ZIY6QTR, STM32U599ZJT6Q, STM32U599ZJY6QTR, STM32U5A5AJH6, STM32U5A5AJH6Q, STM32U5A5QJI6, STM32U5A5QJI6Q, STM32U5A5RJT6, STM32U5A5RJT6Q, STM32U5A5VJT6, STM32U5A5VJT6Q, STM32U5A5ZJT6, STM32U5A5ZJT6Q, STM32U5A5ZJY6QTR, STM32U5A9BJY6QTR, STM32U5A9J-DK, STM32U5A9NJH6Q, STM32U5A9VJT6Q, STM32U5A9ZJT6Q, STM32U5A9ZJY6QTR, STM32WB1MMCH6, STM32WBA52CEU6, STM32WBA52CEU6T, STM32WBA52CGU6, STM32WBA52CGU6T, STM32WL5MOCH6, STM32WL5MOCH6TR]
2023-06-24 19:23:16,749 [INFO] BoardInfo:880 - No configuration file found for board P-NUCLEO-WB55
2023-06-24 19:23:16,749 [INFO] DbBoards:157 - Kit is not supported: P-NUCLEO-WB55
2023-06-24 19:23:16,755 [INFO] BoardInfo:880 - No configuration file found for board STEVAL-BFA001V1B
2023-06-24 19:23:16,755 [INFO] DbBoards:157 - Kit is not supported: STEVAL-BFA001V1B
2023-06-24 19:23:16,756 [INFO] BoardInfo:880 - No configuration file found for board STEVAL-BFA001V2B
2023-06-24 19:23:16,756 [INFO] DbBoards:157 - Kit is not supported: STEVAL-BFA001V2B
2023-06-24 19:23:16,867 [INFO] DbBoards:161 - Found 187 boards, 184 are supported
2023-06-24 19:23:16,870 [INFO] ApiDb:423 - Load user favorites file C:\Users\Admin/.stm32cubeide/favorites.boards.txt: 0 item(s)
2023-06-24 19:23:16,870 [INFO] ApiDb:427 - User favorites Boards=[]
2023-06-24 19:23:16,871 [INFO] DbBoards:190 - Set 0 / 0 favorites Boards
2023-06-24 19:23:16,874 [INFO] ApiDb:668 - CubeFinder database Data Model version=2.1
2023-06-24 19:23:16,874 [INFO] ApiDb:669 - CubeFinder database Configuration version=3.0.35
2023-06-24 19:23:16,874 [INFO] ApiDb:670 - CubeFinder database generation date=2023-05-12 (1683877179)
2023-06-24 19:23:16,874 [INFO] ApiDb:671 - CubeFinder database FW Pack versions=[FP-ATR-ASTRA1_V2.0.0, FP-SNS-FLIGHT1_V5.0.0, FP-SNS-MOTENV1_V4.3.0, STM32Cube_FW_C0_V1.0.1, STM32Cube_FW_F0_V1.11.4, STM32Cube_FW_F3_V1.11.4, STM32Cube_FW_F4_V1.27.1, STM32Cube_FW_F7_V1.17.0, STM32Cube_FW_G0_V1.6.1, STM32Cube_FW_G4_V1.5.1, STM32Cube_FW_H5_V0.5.1, STM32Cube_FW_H5_V1.0.0, STM32Cube_FW_H7_V1.11.0, STM32Cube_FW_L0_V1.12.2, STM32Cube_FW_L5_V1.5.0, STM32Cube_FW_U5_V1.2.0, STM32Cube_FW_WBA_V1.0.0, STM32Cube_FW_WBA_V1.0.0RC1, STM32Cube_FW_WBA_V1.0.0RC3, STM32Cube_FW_WB_V1.15.0RC1, STM32Cube_FW_WB_V1.16.0, STM32Cube_FW_WB_V1.16.0RC2, STM32Cube_FW_WL_V1.3.0, X-CUBE-ALGOBUILD_V1.3.0, X-CUBE-ALS_V1.0.1, X-CUBE-AZRTOS-F4_V1.1.0, X-CUBE-AZRTOS-F7_V1.1.0, X-CUBE-AZRTOS-G0_V1.1.0, X-CUBE-AZRTOS-G4_V2.0.0, X-CUBE-AZRTOS-H7_V3.1.0, X-CUBE-AZRTOS-L4_V1.0.0, X-CUBE-AZRTOS-L5_V1.1.0, X-CUBE-AZRTOS-WB_V1.1.0, X-CUBE-AZRTOS-WL_V1.0.0, X-CUBE-BLE1_V6.2.4, X-CUBE-BLE2_V3.3.0, X-CUBE-BLEMGR_V2.0.0, X-CUBE-EEPRMA1_V4.1.0, X-CUBE-FREERTOS_V1.0.1, X-CUBE-GNSS1_V6.0.0, X-CUBE-MEMS1_V9.1.0, X-CUBE-MEMS1_V9.4.0, X-CUBE-MEMS1_V9.6.0, X-CUBE-NFC4_V3.0.0, X-CUBE-NFC7_V1.0.0, X-CUBE-SFXS2LP1_V4.0.0, X-CUBE-SUBG2_V5.0.0]
2023-06-24 19:23:18,018 [INFO] DbExamplesSqlite:376 - Ignored 45 examples not supported by CubeIDE
2023-06-24 19:23:18,018 [INFO] DbExamplesSqlite:377 - Found 7342 examples active
2023-06-24 19:23:18,019 [INFO] DbExamplesSqlite:378 - Found 1107 examples obsolete
2023-06-24 19:23:18,019 [INFO] DbExamplesSqlite:379 - Found 0 examples under development
2023-06-24 19:23:18,019 [INFO] DbExamplesSqlite:380 - Found 77 examples not building
2023-06-24 19:23:18,021 [INFO] DbExamples:125 - Found 7374 examples
2023-06-24 19:23:18,030 [INFO] DbExamples:222 - Found 92 boards with related examples
2023-06-24 19:23:18,031 [INFO] DbExamples:235 - Found 78 MCUs with related examples
2023-06-24 19:23:18,051 [INFO] ApiDb:414 - User favorites file not found: C:\Users\Admin/.stm32cubeide/favorites.examples.txt
2023-06-24 19:23:18,052 [INFO] DbExamples:250 - Set 0 / 0 favorites Examples
2023-06-24 19:23:18,370 [INFO] McuFinderGlobals:66 - Set McuFinderConnectedMode to true
2023-06-24 19:23:18,379 [INFO] MultiScanPanel:200 - Auto-refresh data requested => check proxy status ongoing
2023-06-24 19:23:18,384 [INFO] FinderPluginLoader:95 - Searching for filters in installed packs
2023-06-24 19:23:20,783 [INFO] LoadUrlFilesThread:185 - End of LoadServerUrlFiles without Thread
2023-06-24 19:23:20,811 [INFO] DetailPanel:341 - Set advertising image to C:/Users/Admin/STM32Cube/Repository/\en.prom-stm32h5-mcu-finder.jpg
2023-06-24 19:24:45,731 [INFO] MultiScanPanel:200 - Auto-refresh data requested => check proxy status ongoing
2023-06-24 19:24:45,892 [INFO] LoadUrlFilesThread:185 - End of LoadServerUrlFiles without Thread
2023-06-24 19:24:45,892 [INFO] DetailPanel:341 - Set advertising image to C:/Users/Admin/STM32Cube/Repository/\en.prom-stm32h5-mcu-finder.jpg
2023-06-24 19:27:24,075 [INFO] McuFinderGlobals:66 - Set McuFinderConnectedMode to true
2023-06-24 19:27:24,481 [INFO] ApiDb:448 - Save user favorites file C:\Users\Admin/.stm32cubeide/favorites.mcus.txt: 0 item(s)
2023-06-24 19:27:24,482 [INFO] ApiDb:452 - User favorites MCUs=[]
2023-06-24 19:27:24,482 [INFO] ApiDb:448 - Save user favorites file C:\Users\Admin/.stm32cubeide/favorites.boards.txt: 0 item(s)
2023-06-24 19:27:24,483 [INFO] ApiDb:452 - User favorites Boards=[]
2023-06-24 19:38:40,759 [INFO] MainUpdater:2854 - connection check result : 10
2023-06-24 19:38:40,864 [INFO] McuFinderGlobals:66 - Set McuFinderConnectedMode to true
2023-06-24 19:38:40,865 [INFO] MultiScanPanel:200 - Auto-refresh data requested => check proxy status ongoing
2023-06-24 19:38:40,865 [INFO] FinderPluginLoader:95 - Searching for filters in installed packs
2023-06-24 19:38:41,648 [INFO] LoadUrlFilesThread:185 - End of LoadServerUrlFiles without Thread
2023-06-24 19:38:41,648 [INFO] DetailPanel:341 - Set advertising image to C:/Users/Admin/STM32Cube/Repository/\en.prom-stm32h5-mcu-finder.jpg
2023-06-24 19:38:49,733 [INFO] MultiScanPanel:200 - Auto-refresh data requested => check proxy status ongoing
2023-06-24 19:38:49,807 [INFO] LoadUrlFilesThread:185 - End of LoadServerUrlFiles without Thread
2023-06-24 19:38:49,807 [INFO] DetailPanel:341 - Set advertising image to C:/Users/Admin/STM32Cube/Repository/\en.prom-stm32h5-mcu-finder.jpg
2023-06-24 19:38:51,340 [INFO] ApiDb:581 - Connected to CubeFinder SQLite database (C:\Users\Admin\.stmcufinder\plugins\mcufinder\mcu\cube-finder-db.db)
2023-06-24 19:40:03,531 [INFO] MainUpdater:2854 - connection check result : 10
2023-06-24 19:40:03,531 [INFO] MainUpdater:2854 - connection check result : 10
2023-06-24 19:40:03,571 [INFO] MicroXplorer:468 - Change Database Path : 
2023-06-24 19:40:03,571 [INFO] MicroXplorer:498 - Change Database Version : DB.6.0.81
2023-06-24 19:40:03,571 [WARN] ThirdParty:871 - waiting for thirdparty lock release [close project]
2023-06-24 19:40:03,571 [INFO] ThirdParty:873 - entering critical section [close project]
2023-06-24 19:40:03,572 [INFO] ThirdParty:883 - exiting critical section [close project]
2023-06-24 19:40:03,574 [INFO] PinOutPanel:1499 - setPackage(No Configuration,No Configuration)
2023-06-24 19:40:03,583 [INFO] UtilMem:75 - Begin LoadConfig() Used Memory: 638788216 Bytes (954204160)
2023-06-24 19:40:03,591 [INFO] OpenFileManager:308 - Change cursor
2023-06-24 19:40:03,639 [INFO] ProjectFactory:402 - No CPN specified for board NUCLEO-F401RE => set CPN to STM32F401RET6
2023-06-24 19:40:03,644 [INFO] Mcu:1937 - Initializing MCU STM32F401R(D-E)Tx STM32F401RETx STM32F401RET6
2023-06-24 19:40:05,349 [INFO] Context:659 - Trying to add GPIOservice into a context  which must be forbidden
2023-06-24 19:40:05,665 [INFO] Rule:228 - rule 117617 - U5Cobra4M][GTZC] default value MPCBB3 and MPCBB5 - Not Secured memory - MPCBB1 is applicable
2023-06-24 19:40:05,666 [INFO] Rule:228 - rule 117617 - U5Cobra4M][GTZC] default value MPCBB3 and MPCBB5 - Not Secured memory - MPCBB1 is applicable
2023-06-24 19:40:05,666 [INFO] Rule:228 - rule 117617 - U5Cobra4M][GTZC] default value MPCBB3 and MPCBB5 - Not Secured memory - MPCBB2 is applicable
2023-06-24 19:40:05,666 [INFO] Rule:228 - rule 117617 - U5Cobra4M][GTZC] default value MPCBB3 and MPCBB5 - Not Secured memory - MPCBB2 is applicable
2023-06-24 19:40:05,666 [INFO] Rule:228 - rule 117617 - U5Cobra4M][GTZC] default value MPCBB3 and MPCBB5 - Not Secured memory - MPCBB3 is applicable
2023-06-24 19:40:05,666 [INFO] Rule:228 - rule 117617 - U5Cobra4M][GTZC] default value MPCBB3 and MPCBB5 - Not Secured memory - MPCBB3 is applicable
2023-06-24 19:40:05,666 [INFO] Rule:228 - rule 117617 - U5Cobra4M][GTZC] default value MPCBB3 and MPCBB5 - Not Secured memory - MPCBB4 is applicable
2023-06-24 19:40:05,666 [INFO] Rule:228 - rule 117617 - U5Cobra4M][GTZC] default value MPCBB3 and MPCBB5 - Not Secured memory - MPCBB4 is applicable
2023-06-24 19:40:05,666 [INFO] Rule:228 - rule 117617 - U5Cobra4M][GTZC] default value MPCBB3 and MPCBB5 - Secured memory - MPCBB1 is applicable
2023-06-24 19:40:05,666 [INFO] Rule:228 - rule 117617 - U5Cobra4M][GTZC] default value MPCBB3 and MPCBB5 - Secured memory - MPCBB2 is applicable
2023-06-24 19:40:05,666 [INFO] Rule:228 - rule 117617 - U5Cobra4M][GTZC] default value MPCBB3 and MPCBB5 - Secured memory - MPCBB3 is applicable
2023-06-24 19:40:05,667 [INFO] Rule:228 - rule 117617 - U5Cobra4M][GTZC] default value MPCBB3 and MPCBB5 - Secured memory - MPCBB4 is applicable
2023-06-24 19:40:05,667 [INFO] Rule:228 - rule 117617 - U5Cobra4M][GTZC] default value MPCBB3 and MPCBB5 - Privileged memory - MPCBB1 is applicable
2023-06-24 19:40:05,667 [INFO] Rule:228 - rule 117617 - U5Cobra4M][GTZC] default value MPCBB3 and MPCBB5 - Privileged memory - MPCBB2 is applicable
2023-06-24 19:40:05,667 [INFO] Rule:228 - rule 117617 - U5Cobra4M][GTZC] default value MPCBB3 and MPCBB5 - Privileged memory - MPCBB3 is applicable
2023-06-24 19:40:05,667 [INFO] Rule:228 - rule 117617 - U5Cobra4M][GTZC] default value MPCBB3 and MPCBB5 - Privileged memory - MPCBB4 is applicable
2023-06-24 19:40:05,667 [INFO] Rule:228 - rule 117617 - U5Cobra4M][GTZC] default value MPCBB3 and MPCBB5 - Not Privileged memory - MPCBB1 is applicable
2023-06-24 19:40:05,667 [INFO] Rule:228 - rule 117617 - U5Cobra4M][GTZC] default value MPCBB3 and MPCBB5 - Not Privileged memory - MPCBB2 is applicable
2023-06-24 19:40:05,667 [INFO] Rule:228 - rule 117617 - U5Cobra4M][GTZC] default value MPCBB3 and MPCBB5 - Not Privileged memory - MPCBB3 is applicable
2023-06-24 19:40:05,667 [INFO] Rule:228 - rule 117617 - U5Cobra4M][GTZC] default value MPCBB3 and MPCBB5 - Not Privileged memory - MPCBB4 is applicable
2023-06-24 19:40:05,667 [INFO] Rule:228 - rule 117617 - U5Cobra4M][GTZC] default value MPCBB3 and MPCBB5 - Privileged memory - MPCBB1 is applicable
2023-06-24 19:40:05,668 [INFO] Rule:228 - rule 117617 - U5Cobra4M][GTZC] default value MPCBB3 and MPCBB5 - Privileged memory - MPCBB2 is applicable
2023-06-24 19:40:05,668 [INFO] Rule:228 - rule 117617 - U5Cobra4M][GTZC] default value MPCBB3 and MPCBB5 - Privileged memory - MPCBB3 is applicable
2023-06-24 19:40:05,668 [INFO] Rule:228 - rule 117617 - U5Cobra4M][GTZC] default value MPCBB3 and MPCBB5 - Privileged memory - MPCBB4 is applicable
2023-06-24 19:40:05,668 [INFO] Rule:228 - rule 117617 - U5Cobra4M][GTZC] default value MPCBB3 and MPCBB5 - Privileged memory - MPCBB1 is applicable
2023-06-24 19:40:05,668 [INFO] Rule:228 - rule 117617 - U5Cobra4M][GTZC] default value MPCBB3 and MPCBB5 - Privileged memory - MPCBB2 is applicable
2023-06-24 19:40:05,668 [INFO] Rule:228 - rule 117617 - U5Cobra4M][GTZC] default value MPCBB3 and MPCBB5 - Privileged memory - MPCBB3 is applicable
2023-06-24 19:40:05,668 [INFO] Rule:228 - rule 117617 - U5Cobra4M][GTZC] default value MPCBB3 and MPCBB5 - Privileged memory - MPCBB4 is applicable
2023-06-24 19:40:05,668 [INFO] Rule:228 - rule 117617 - U5Cobra4M][GTZC] default value MPCBB3 and MPCBB5 - Not Privileged memory - MPCBB1 is applicable
2023-06-24 19:40:05,668 [INFO] Rule:228 - rule 117617 - U5Cobra4M][GTZC] default value MPCBB3 and MPCBB5 - Not Privileged memory - MPCBB2 is applicable
2023-06-24 19:40:05,668 [INFO] Rule:228 - rule 117617 - U5Cobra4M][GTZC] default value MPCBB3 and MPCBB5 - Not Privileged memory - MPCBB3 is applicable
2023-06-24 19:40:05,668 [INFO] Rule:228 - rule 117617 - U5Cobra4M][GTZC] default value MPCBB3 and MPCBB5 - Not Privileged memory - MPCBB4 is applicable
2023-06-24 19:40:05,669 [INFO] Rule:228 - rule 117617 - U5Cobra4M][GTZC] default value MPCBB3 and MPCBB5 - Privileged memory - MPCBB1 is applicable
2023-06-24 19:40:05,669 [INFO] Rule:228 - rule 117617 - U5Cobra4M][GTZC] default value MPCBB3 and MPCBB5 - Privileged memory - MPCBB2 is applicable
2023-06-24 19:40:05,669 [INFO] Rule:228 - rule 117617 - U5Cobra4M][GTZC] default value MPCBB3 and MPCBB5 - Privileged memory - MPCBB3 is applicable
2023-06-24 19:40:05,669 [INFO] Rule:228 - rule 117617 - U5Cobra4M][GTZC] default value MPCBB3 and MPCBB5 - Privileged memory - MPCBB4 is applicable
2023-06-24 19:40:05,669 [INFO] Rule:228 - rule Rename SubGHz_Phy SUBGHZ_APPLICATION SUBGHZ_PINGPONG to SUBGHZ_ADV_APPLICATION is applicable
2023-06-24 19:40:05,669 [INFO] Rule:228 - rule Rename Enabled to IBEACON is applicable
2023-06-24 19:40:05,669 [INFO] Rule:228 - rule GTZC_S instance for project manager is applicable
2023-06-24 19:40:05,669 [INFO] Rule:228 - rule GTZC_S instance for context M33S is applicable
2023-06-24 19:40:05,669 [INFO] Rule:228 - rule GTZC_S instance value for IP GTZC is applicable
2023-06-24 19:40:05,669 [INFO] Rule:228 - rule GTZC_S instance for mcu.IP is applicable
2023-06-24 19:40:05,670 [INFO] Rule:228 - rule GTZC_S instance for VP is applicable
2023-06-24 19:40:05,670 [INFO] Rule:228 - rule GTZC_S instance for signal is applicable
2023-06-24 19:40:05,670 [INFO] Rule:228 - rule GTZC_S instance for mcu.Pin is applicable
2023-06-24 19:40:05,670 [INFO] Rule:228 - rule GTZC_S instance for VP is applicable
2023-06-24 19:40:05,670 [INFO] Rule:228 - rule GTZC_S instance for signal is applicable
2023-06-24 19:40:05,670 [INFO] Rule:228 - rule GTZC_S instance for mcu is applicable
2023-06-24 19:40:05,670 [INFO] Rule:228 - rule GTZC_S instance for mcu.Pin is applicable
2023-06-24 19:40:05,670 [INFO] Rule:228 - rule GTZC_S instance value for IP GTZC is applicable
2023-06-24 19:40:05,670 [INFO] Rule:228 - rule GTZC_S instance for project manager is applicable
2023-06-24 19:40:05,670 [INFO] Rule:228 - rule GTZC_S instance for context M33S is applicable
2023-06-24 19:40:05,670 [INFO] Rule:228 - rule GTZC_S instance for VP is applicable
2023-06-24 19:40:05,671 [INFO] Rule:228 - rule GTZC_S instance for signal is applicable
2023-06-24 19:40:05,671 [INFO] Rule:228 - rule SPDIFRX instance for mcu is applicable
2023-06-24 19:40:05,671 [INFO] Rule:228 - rule Rename Tracer Mode is applicable
2023-06-24 19:40:05,671 [INFO] Rule:228 - rule SPDIFRX instance value for IP SPDIFRX is applicable
2023-06-24 19:40:05,671 [INFO] Rule:228 - rule SPDIFRX instance for signal is applicable
2023-06-24 19:40:05,671 [INFO] Rule:228 - rule SPDIFRX instance for project manager is applicable
2023-06-24 19:40:05,671 [INFO] Rule:228 - rule SPDIFRX instance for project manager is applicable
2023-06-24 19:40:05,671 [INFO] Rule:228 - rule ADC Scan  fix with FW F7 is applicable
2023-06-24 19:40:05,671 [INFO] Rule:228 - rule ADC Scan  fix with FW F7 is applicable
2023-06-24 19:40:05,671 [INFO] Rule:228 - rule DFSDM instance value for IP DFSDM is applicable
2023-06-24 19:40:05,671 [INFO] Rule:228 - rule DFSDM instance for mcu is applicable
2023-06-24 19:40:05,672 [INFO] Rule:228 - rule DFSDM instance for VP is applicable
2023-06-24 19:40:05,672 [INFO] Rule:228 - rule DFSDM instance for signal is applicable
2023-06-24 19:40:05,672 [INFO] Rule:228 - rule DFSDM instance for shared is applicable
2023-06-24 19:40:05,672 [INFO] Rule:228 - rule BreakInputSource parameter for IP Timer is applicable
2023-06-24 19:40:05,672 [INFO] Rule:228 - rule Sourcebreak parameter for IP Timer is applicable
2023-06-24 19:40:05,672 [INFO] Rule:228 - rule Sourcebreak parameter for IP Timer is applicable
2023-06-24 19:40:05,672 [INFO] Rule:228 - rule DFSDM for PCC is applicable
2023-06-24 19:40:05,672 [INFO] Rule:228 - rule Serial_Wire Mode is applicable
2023-06-24 19:40:05,672 [INFO] Rule:228 - rule JTAG_4_pins Mode is applicable
2023-06-24 19:40:05,672 [INFO] Rule:228 - rule JTAG_5_pins Mode is applicable
2023-06-24 19:40:05,672 [INFO] Rule:228 - rule Trace_Asynchronous_SW Mode is applicable
2023-06-24 19:40:05,672 [INFO] Rule:228 - rule Trace_Synchro_1bit_JTAG Mode is applicable
2023-06-24 19:40:05,672 [INFO] Rule:228 - rule Trace_Synchro_2bits_JTAG Mode is applicable
2023-06-24 19:40:05,672 [INFO] Rule:228 - rule Trace_Synchro_4bits_JTAG Mode is applicable
2023-06-24 19:40:05,673 [INFO] Rule:228 - rule Trace_Synchro_1bit_SW Mode is applicable
2023-06-24 19:40:05,673 [INFO] Rule:228 - rule Trace_Synchro_2bits_SW Mode is applicable
2023-06-24 19:40:05,673 [INFO] Rule:228 - rule Trace_Synchro_4bits_SW Mode is applicable
2023-06-24 19:40:05,673 [INFO] Rule:228 - rule SYS_WakeUp0 Mode is applicable
2023-06-24 19:40:05,673 [INFO] Rule:228 - rule SYS_WakeUp0 Mode for STM32F446 is applicable
2023-06-24 19:40:05,673 [INFO] Rule:228 - rule SYS_WakeUp1 Mode is applicable
2023-06-24 19:40:05,673 [INFO] Rule:228 - rule SYS_WakeUp1 Mode for STM32F446 is applicable
2023-06-24 19:40:05,673 [INFO] Rule:228 - rule SYS_WakeUp2 Mode is applicable
2023-06-24 19:40:05,673 [INFO] Rule:228 - rule SYS_WakeUp3 Mode is applicable
2023-06-24 19:40:05,673 [INFO] Rule:228 - rule SYS_WakeUp4 Mode is applicable
2023-06-24 19:40:05,673 [INFO] Rule:228 - rule SYS_WakeUp5 Mode is applicable
2023-06-24 19:40:05,674 [INFO] Rule:228 - rule SYS_WakeUp6 Mode is applicable
2023-06-24 19:40:05,674 [INFO] Rule:228 - rule SYS_WakeUp7 Mode is applicable
2023-06-24 19:40:05,674 [INFO] Rule:228 - rule WakeUp0 Mode is applicable
2023-06-24 19:40:05,674 [INFO] Rule:228 - rule WakeUp0 SIGNAL is applicable
2023-06-24 19:40:05,674 [INFO] Rule:228 - rule WakeUp1 Mode is applicable
2023-06-24 19:40:05,674 [INFO] Rule:228 - rule WakeUp1 SIGNAL is applicable
2023-06-24 19:40:05,674 [INFO] Rule:228 - rule WakeUp2 Mode is applicable
2023-06-24 19:40:05,674 [INFO] Rule:228 - rule WakeUp2 SIGNAL is applicable
2023-06-24 19:40:05,675 [INFO] Rule:228 - rule WakeUp4 Mode is applicable
2023-06-24 19:40:05,675 [INFO] Rule:228 - rule WakeUp4 SIGNAL is applicable
2023-06-24 19:40:05,675 [INFO] Rule:228 - rule WakeUp5 Mode is applicable
2023-06-24 19:40:05,675 [INFO] Rule:228 - rule WakeUp5 SIGNAL is applicable
2023-06-24 19:40:05,675 [INFO] Rule:228 - rule Mode_PVD_Ext is applicable
2023-06-24 19:40:05,675 [INFO] Rule:228 - rule Mode_PVD_Int is applicable
2023-06-24 19:40:05,675 [INFO] Rule:228 - rule Add RTC Activate Clock Source is applicable
2023-06-24 19:40:05,675 [INFO] Rule:228 - rule Add RTC Activate Calendar 1 is applicable
2023-06-24 19:40:05,675 [INFO] Rule:228 - rule Add RTC Activate Calendar 2 is applicable
2023-06-24 19:40:05,675 [INFO] Rule:228 - rule Add RTC Activate Calendar 3 is applicable
2023-06-24 19:40:05,676 [INFO] Rule:228 - rule UART/USART TX Mode is applicable
2023-06-24 19:40:05,676 [INFO] Rule:228 - rule UART/USART RX Mode is applicable
2023-06-24 19:40:05,676 [INFO] Rule:228 - rule UART/USART RX TX Mode is applicable
2023-06-24 19:40:05,676 [INFO] Rule:228 - rule UART/USART PARITY NONE is applicable
2023-06-24 19:40:05,676 [INFO] Rule:228 - rule UART/USART PARITY EVEN is applicable
2023-06-24 19:40:05,676 [INFO] Rule:228 - rule UART/USART PARITY ODD is applicable
2023-06-24 19:40:05,676 [INFO] Rule:228 - rule USART StopBits 1 is applicable
2023-06-24 19:40:05,676 [INFO] Rule:228 - rule USART StopBits 2 is applicable
2023-06-24 19:40:05,676 [INFO] Rule:228 - rule USART StopBits 1.5 is applicable
2023-06-24 19:40:05,676 [INFO] Rule:228 - rule USART StopBits 0.5 is applicable
2023-06-24 19:40:05,676 [INFO] Rule:228 - rule UART/USART WORD LENGTH 7 is applicable
2023-06-24 19:40:05,677 [INFO] Rule:228 - rule UART/USART WORD LENGTH 8 is applicable
2023-06-24 19:40:05,677 [INFO] Rule:228 - rule UART/USART WORD LENGTH 9 is applicable
2023-06-24 19:40:05,677 [INFO] Rule:228 - rule Rename FMC NAND NCE signal is applicable
2023-06-24 19:40:05,677 [INFO] Rule:228 - rule Rename FMC NAND INT signal is applicable
2023-06-24 19:40:05,677 [INFO] Rule:228 - rule Change Default Value for LSE Drive Capability for WB family is applicable
2023-06-24 19:40:05,677 [INFO] Rule:228 - rule Change Default Value for ADC Clock Prescaler G0 family is applicable
2023-06-24 19:40:05,677 [INFO] Rule:228 - rule Change Default Value for ADC ExternalTrigConv L4 family is applicable
2023-06-24 19:40:05,677 [INFO] Rule:228 - rule Change Default Value for ADC ExternalTrigInjecConv L4 family is applicable
2023-06-24 19:40:05,677 [INFO] Rule:228 - rule Change Default Value for ADC ExternalTrigConv F3 family is applicable
2023-06-24 19:40:05,677 [INFO] Rule:228 - rule Change Default Value for ADC ExternalTrigInjecConv F3 family is applicable
2023-06-24 19:40:05,677 [INFO] Rule:228 - rule Change Default Value for ADC ExternalTrigConv Goldfish serie is applicable
2023-06-24 19:40:05,677 [INFO] Rule:228 - rule Change Default Value for ADC ExternalTrigInjecConv Goldfish serie is applicable
2023-06-24 19:40:05,677 [INFO] Rule:228 - rule Change Default Value for ADC ExternalTrigConv L0 family is applicable
2023-06-24 19:40:05,678 [INFO] Rule:228 - rule Change Default Value for ADC ExternalTrigConv F0 family is applicable
2023-06-24 19:40:05,678 [INFO] Rule:228 - rule Change Default Value for ADC ExternalTrigConvn L1 family is applicable
2023-06-24 19:40:05,678 [INFO] Rule:228 - rule Change Default Value for ADC ExternalTrigInjecConv L1 family is applicable
2023-06-24 19:40:05,678 [INFO] Rule:228 - rule Change Default Value for ADC ExternalTrigConv F1 family is applicable
2023-06-24 19:40:05,678 [INFO] Rule:228 - rule Change Default Value for ADC ExternalTrigInjecConv F1 family is applicable
2023-06-24 19:40:05,678 [INFO] Rule:228 - rule Change Default Value for ADC ExternalTrigConv F7 family is applicable
2023-06-24 19:40:05,678 [INFO] Rule:228 - rule Change Default Value for ADC ExternalTrigInjecConv F7 family is applicable
2023-06-24 19:40:05,680 [INFO] Rule:228 - rule Change Default Value for ADC ExternalTrigConv F4 and F2 family is applicable
2023-06-24 19:40:05,680 [INFO] Rule:228 - rule Change Default Value for ADC ExternalTrigInjecConv F4 and F2 family is applicable
2023-06-24 19:40:05,680 [INFO] Rule:228 - rule ADC SamplingTime fix with FW L0  is applicable
2023-06-24 19:40:05,680 [INFO] Rule:228 - rule ADC SamplingTime fix with FW L0  is applicable
2023-06-24 19:40:05,680 [INFO] Rule:228 - rule ADC SamplingTime fix with FW L0 is applicable
2023-06-24 19:40:05,680 [INFO] Rule:228 - rule ADC SamplingTime fix with FW L0 is applicable
2023-06-24 19:40:05,680 [INFO] Rule:228 - rule ADC SamplingTime fix with FW L0  is applicable
2023-06-24 19:40:05,680 [INFO] Rule:228 - rule ADC SamplingTime fix with FW L0 is applicable
2023-06-24 19:40:05,681 [INFO] Rule:228 - rule Rename USB_OE Signal is applicable
2023-06-24 19:40:05,681 [INFO] Rule:228 - rule Rename Activate_OE Mode is applicable
2023-06-24 19:40:05,681 [INFO] Rule:228 - rule Rename DIE462/DIE415 pin PC14/OSC32_IN -> PC14-OSC32_IN (PC14) is applicable
2023-06-24 19:40:05,681 [INFO] Rule:228 - rule Rename DIE462/DIE415 pin PC15/OSC32_OUT -> PC15-OSC32_OUT (PC15) is applicable
2023-06-24 19:40:05,681 [INFO] Rule:228 - rule Rename DIE462/DIE415 pin PH0/OSC_IN -> PH0-OSC_IN (PH0) is applicable
2023-06-24 19:40:05,681 [INFO] Rule:228 - rule Rename DIE462/DIE415 pin PH1/OSC_OUT -> PH1-OSC_OUT (PH1) is applicable
2023-06-24 19:40:05,681 [INFO] Rule:228 - rule Rename DIE462 pin PA13 -> PA13 (JTMS/SWDIO) is applicable
2023-06-24 19:40:05,681 [INFO] Rule:228 - rule Rename DIE415 pin PA13 -> PA13 (JTMS/SWDIO) is applicable
2023-06-24 19:40:05,682 [INFO] Rule:228 - rule Rename DIE462 pin PA14 -> PA14 (JTCK/SWCLK) is applicable
2023-06-24 19:40:05,682 [INFO] Rule:228 - rule Rename DIE415 pin PA14 -> PA14 (JTCK/SWCLK) is applicable
2023-06-24 19:40:05,682 [INFO] Rule:228 - rule Rename DIE462/DIE415 pin PA15 -> PA15 (JTDI) is applicable
2023-06-24 19:40:05,682 [INFO] Rule:228 - rule Rename DIE462 pin PB3 -> PB3 (JTD0/TRACESWO) is applicable
2023-06-24 19:40:05,682 [INFO] Rule:228 - rule Rename DIE415 pin PB3 -> PB3 (JTD0-TRACESWO) is applicable
2023-06-24 19:40:05,682 [INFO] Rule:228 - rule Rename DIE462/DIE415 pin PB4 -> PB4 (NJTRST) is applicable
2023-06-24 19:40:05,682 [INFO] Rule:228 - rule Rename DIE462 pin PH3/BOOT0 -> PH3-BOOT0 (BOOT0) is applicable
2023-06-24 19:40:05,682 [INFO] Rule:228 - rule Rename CRYP DataEncryptionTypesList to Algorithm is applicable
2023-06-24 19:40:05,682 [INFO] Rule:228 - rule Rename AES DataEncryptionTypesList to Algorithm is applicable
2023-06-24 19:40:05,682 [INFO] Rule:228 - rule Rename TDESECB to CRYP_TDES_ECB is applicable
2023-06-24 19:40:05,682 [INFO] Rule:228 - rule Rename TDESCBC to CRYP_TDES_CBC is applicable
2023-06-24 19:40:05,682 [INFO] Rule:228 - rule Rename DESECB to CRYP_DES_ECB is applicable
2023-06-24 19:40:05,682 [INFO] Rule:228 - rule Rename DESCBC to CRYP_DES_CBC is applicable
2023-06-24 19:40:05,682 [INFO] Rule:228 - rule Rename AESECB to CRYP_AES_ECB is applicable
2023-06-24 19:40:05,683 [INFO] Rule:228 - rule Rename AESCBC to CRYP_AES_CBC is applicable
2023-06-24 19:40:05,683 [INFO] Rule:228 - rule Rename AESCTR to CRYP_AES_CTR is applicable
2023-06-24 19:40:05,683 [INFO] Rule:228 - rule Rename AESGCM to CRYP_AES_GCM is applicable
2023-06-24 19:40:05,683 [INFO] Rule:228 - rule Rename AESCCM to CRYP_AES_CCM is applicable
2023-06-24 19:40:05,683 [INFO] Rule:228 - rule Rename CAN TimeSeg1 to BS1 is applicable
2023-06-24 19:40:05,683 [INFO] Rule:228 - rule Rename CAN TimeSeg2 to BS2 is applicable
2023-06-24 19:40:05,683 [INFO] Rule:228 - rule Rename CAN SyncJumpWidth to SJW is applicable
2023-06-24 19:40:05,683 [INFO] Rule:228 - rule TimeTriggeredMode to TTCM is applicable
2023-06-24 19:40:05,683 [INFO] Rule:228 - rule Rename CAN AutoBusOff to ABOM is applicable
2023-06-24 19:40:05,683 [INFO] Rule:228 - rule Rename CAN AutoWakeUp to AWUM is applicable
2023-06-24 19:40:05,683 [INFO] Rule:228 - rule Rename CAN AutoRetransmission to NART is applicable
2023-06-24 19:40:05,683 [INFO] Rule:228 - rule Rename CAN ReceiveFifoLocked to RFLM is applicable
2023-06-24 19:40:05,684 [INFO] Rule:228 - rule Rename CAN TransmitFifoPriority to TXFP is applicable
2023-06-24 19:40:05,684 [INFO] Rule:228 - rule Rename HRTIMER HRTIM_OUTPUTFAULTLEVEL_HIGH in HRTIMER HRTIM_OUTPUTFAULTLEVEL_HIGHZ is applicable
2023-06-24 19:40:05,684 [INFO] Rule:228 - rule Rename TIMER TIM_CLEARINPUTSOURCE_OCREFCLR in  TIMER TIM_CLEARINPUTSOURCE_NONE for F7 family is applicable
2023-06-24 19:40:05,684 [INFO] Rule:228 - rule FDCAN_R1 - Rename FDCAN mode Master into Classic is applicable
2023-06-24 19:40:05,684 [INFO] Rule:228 - rule FDCAN_R2 - Rename FDCAN mode Slave into Classic is applicable
2023-06-24 19:40:05,684 [INFO] Rule:228 - rule FDCAN1_R3 - if PA10.Mode=FullDuplex, add Pin PA12 is applicable
2023-06-24 19:40:05,684 [INFO] Rule:228 - rule FDCAN1_R3 - if PA9.Mode=FullDuplex, add Pin PA11 is applicable
2023-06-24 19:40:05,684 [INFO] Rule:228 - rule FDCAN1_R3 - Alternatepin_1 - if PE1.Mode=FullDuplex, add Pin PB9 is applicable
2023-06-24 19:40:05,684 [INFO] Rule:228 - rule FDCAN1_R3 - Alternatepin_1 - if PE0.Mode=FullDuplex, add Pin PB8 is applicable
2023-06-24 19:40:05,684 [INFO] Rule:228 - rule FDCAN1_R3 - Alternatepin_2 - if PD5.Mode=FullDuplex, add Pin PD1 is applicable
2023-06-24 19:40:05,684 [INFO] Rule:228 - rule FDCAN1_R3 - Alternatepin_2 - if PD4.Mode=FullDuplex, add Pin PD0 is applicable
2023-06-24 19:40:05,684 [INFO] Rule:228 - rule FDCAN1_R4 - Rename Mode FullDuplex into Enable FDCAN_TXFD for pin PA10 is applicable
2023-06-24 19:40:05,684 [INFO] Rule:228 - rule FDCAN1_R4 - Rename Mode FullDuplex into Enable FDCAN_TXFD for pin PA9 is applicable
2023-06-24 19:40:05,684 [INFO] Rule:228 - rule FDCAN1_R4 - Alternatepin_1 - Rename Mode FullDuplex into Enable FDCAN_TXFD for pin PE1 is applicable
2023-06-24 19:40:05,685 [INFO] Rule:228 - rule FDCAN1_R4 - Alternatepin_1 - Rename Mode FullDuplex into Enable FDCAN_TXFD for pin PE0 is applicable
2023-06-24 19:40:05,685 [INFO] Rule:228 - rule FDCAN1_R4 - Alternatepin_2 - Rename Mode FullDuplex into Enable FDCAN_TXFD for pin PD5 is applicable
2023-06-24 19:40:05,685 [INFO] Rule:228 - rule FDCAN1_R4 - Alternatepin_2 - Rename Mode FullDuplex into Enable FDCAN_TXFD for pin PD4 is applicable
2023-06-24 19:40:05,685 [INFO] Rule:228 - rule FDCAN2_R3 - if PD10.Mode=FullDuplex, add Pin PB13 is applicable
2023-06-24 19:40:05,685 [INFO] Rule:228 - rule FDCAN2_R3 - if PD9.Mode=FullDuplex, add Pin PB12 is applicable
2023-06-24 19:40:05,685 [INFO] Rule:228 - rule FDCAN2_R3 - Alternatepin_1 - if PB7.Mode=FullDuplex, add Pin PB6 is applicable
2023-06-24 19:40:05,685 [INFO] Rule:228 - rule FDCAN2_R3 - Alternatepin_1 - if PD9.Mode=FullDuplex, add Pin PB12 is applicable
2023-06-24 19:40:05,685 [INFO] Rule:228 - rule FDCAN2_R4 - Rename Mode FullDuplex into Enable FDCAN_TXFD for pin PD10 is applicable
2023-06-24 19:40:05,685 [INFO] Rule:228 - rule FDCAN2_R4 - Rename Mode FullDuplex into Enable FDCAN_TXFD for pin PD9 is applicable
2023-06-24 19:40:05,685 [INFO] Rule:228 - rule FDCAN2_R4 - Alternatepin_1 - Rename Mode FullDuplex into Enable FDCAN_TXFD for pin PB7 is applicable
2023-06-24 19:40:05,685 [INFO] Rule:228 - rule FDCAN2_R4 - Alternatepin_1 - Rename Mode FullDuplex into Enable FDCAN_TXFD for pin PD6 is applicable
2023-06-24 19:40:05,685 [INFO] Rule:228 - rule USART TxPinLevelInvertParam Mode is applicable
2023-06-24 19:40:05,685 [INFO] Rule:228 - rule USART RxPinLevelInvertParam Mode is applicable
2023-06-24 19:40:05,685 [INFO] Rule:228 - rule USART DataInvertParam Mode is applicable
2023-06-24 19:40:05,685 [INFO] Rule:228 - rule USART SwapParam Mode is applicable
2023-06-24 19:40:05,685 [INFO] Rule:228 - rule USART OverrunDisableParam Mode is applicable
2023-06-24 19:40:05,685 [INFO] Rule:228 - rule USART DMADisableonRxErrorParam Mode is applicable
2023-06-24 19:40:05,685 [INFO] Rule:228 - rule USART MSBFirstParam Mode is applicable
2023-06-24 19:40:05,686 [INFO] Rule:228 - rule Update MwName for USB_DEVICE is applicable
2023-06-24 19:40:05,686 [INFO] Rule:228 - rule Change PWR_Regulator_Voltage_Scale Default Value for RCC  H7 family is applicable
2023-06-24 19:40:05,686 [INFO] Rule:228 - rule UART/USART IPParameter rename Prescaler parameter to ClockPrescaler is applicable
2023-06-24 19:40:05,686 [INFO] Rule:228 - rule UART/USART Prescaler rename Prescaler parameter to ClockPrescaler is applicable
2023-06-24 19:40:05,686 [INFO] Rule:228 - rule TIM1CLockSelection is applicable
2023-06-24 19:40:05,686 [INFO] Rule:228 - rule TIM15CLockSelection is applicable
2023-06-24 19:40:05,686 [INFO] Rule:228 - rule align RCC SDMMC3CLockSelection default value on MP1 is applicable
2023-06-24 19:40:05,686 [INFO] Rule:228 - rule align RCC SDMMC12CLockSelection default value on MP1 is applicable
2023-06-24 19:40:05,686 [INFO] Rule:228 - rule align RCC QSPICLockSelection default value on MP1 is applicable
2023-06-24 19:40:05,686 [INFO] Rule:228 - rule align RCC QSPICLockSelection default value on MP1 is applicable
2023-06-24 19:40:05,686 [INFO] Rule:228 - rule align RCC SPI6CLockSelection default value on MP1 is applicable
2023-06-24 19:40:05,686 [INFO] Rule:228 - rule align RCC LPTIM23CLockSelection default value on MP1 is applicable
2023-06-24 19:40:05,686 [INFO] Rule:228 - rule align RCC LPTIM1CLockSelection default value on MP1 is applicable
2023-06-24 19:40:05,686 [INFO] Rule:228 - rule align RCC USART1CLockSelection default value on MP1 is applicable
2023-06-24 19:40:05,687 [INFO] Rule:228 - rule align RCC USART24CLockSelection default value on MP1 is applicable
2023-06-24 19:40:05,687 [INFO] Rule:228 - rule align RCC USART6CLockSelection default value on MP1 is applicable
2023-06-24 19:40:05,687 [INFO] Rule:228 - rule align RCC UART78CLockSelection default value on MP1 is applicable
2023-06-24 19:40:05,687 [INFO] Rule:228 - rule align RCC USART35CLockSelection default value on MP1 is applicable
2023-06-24 19:40:05,687 [INFO] Rule:228 - rule align RCC SPI45CLockSelection default value on MP1 is applicable
2023-06-24 19:40:05,687 [INFO] Rule:228 - rule align RCC I2C46CLockSelection BCLK value on MP1 is applicable
2023-06-24 19:40:05,687 [INFO] Rule:228 - rule align RCC SPI45CLockSelection default value on MP1 is applicable
2023-06-24 19:40:05,687 [INFO] Rule:228 - rule align RCC I2C12CLockSelection default value on MP1 is applicable
2023-06-24 19:40:05,687 [INFO] Rule:228 - rule align RCC I2C35CLockSelection default value on MP1 is applicable
2023-06-24 19:40:05,687 [INFO] Rule:228 - rule align RCC LPTIM45CLockSelection default value on MP1 is applicable
2023-06-24 19:40:05,687 [INFO] Rule:228 - rule Rename DCMI PIXCK signal is applicable
2023-06-24 19:40:05,687 [INFO] Rule:228 - rule Change Default Value for I2C46CLockSelection MP1 family is applicable
2023-06-24 19:40:05,687 [INFO] Rule:228 - rule Change Default Value for UART for G4, G0 and WB families is applicable
2023-06-24 19:40:05,687 [INFO] Rule:228 - rule Change Default Value for USART for G4, G0 and WB families is applicable
2023-06-24 19:40:05,687 [INFO] Rule:228 - rule Change Default Value for USART for G4 family is applicable
2023-06-24 19:40:05,687 [INFO] Rule:228 - rule Change USART1CLockSelection refparam name for MP1 is applicable
2023-06-24 19:40:05,687 [INFO] Rule:228 - rule Change USART2CLockSelection refparam name for MP1 is applicable
2023-06-24 19:40:05,687 [INFO] Rule:228 - rule Change USART3CLockSelection refparam name for MP1 is applicable
2023-06-24 19:40:05,688 [INFO] Rule:228 - rule Change UART4CLockSelection refparam name for MP1 is applicable
2023-06-24 19:40:05,688 [INFO] Rule:228 - rule Change UART5CLockSelection refparam name for MP1 is applicable
2023-06-24 19:40:05,688 [INFO] Rule:228 - rule Change LPUART1CLockSelection refparam name for MP1 is applicable
2023-06-24 19:40:05,688 [INFO] Rule:228 - rule Change LPTIM1CLockSelection refparam name for MP1 is applicable
2023-06-24 19:40:05,688 [INFO] Rule:228 - rule Change LPTIM2CLockSelection refparam name for MP1 is applicable
2023-06-24 19:40:05,688 [INFO] Rule:228 - rule Change RCC_MCO1Source refparam name for MP1 is applicable
2023-06-24 19:40:05,688 [INFO] Rule:228 - rule Change LSCOSource1 refparam name for MP1 is applicable
2023-06-24 19:40:05,688 [INFO] Rule:228 - rule Change SMPSCLockSelection refparam name for MP1 is applicable
2023-06-24 19:40:05,688 [INFO] Rule:228 - rule Change LPTIM3CLockSelection refparam name for MP1 is applicable
2023-06-24 19:40:05,688 [INFO] Rule:228 - rule Change MPCBB* Default Template Mode to Parameters is applicable
2023-06-24 19:40:05,688 [INFO] Rule:228 - rule Change MPCWM* or MPCBB* Secure Mode to Parameters is applicable
2023-06-24 19:40:05,688 [INFO] Rule:228 - rule Change MPCWM* or MPCBB* No Secure Mode to Parameters is applicable
2023-06-24 19:40:05,688 [INFO] Rule:228 - rule Change TZSC IP Secure Mode to Parameters is applicable
2023-06-24 19:40:05,688 [INFO] Rule:228 - rule Change TZSC IP No Secure Mode to Parameters is applicable
2023-06-24 19:40:05,689 [INFO] Rule:228 - rule Change TZSC IP Privilege Mode to Parameters is applicable
2023-06-24 19:40:05,689 [INFO] Rule:228 - rule Change TZSC IP No Privilege Mode to Parameters is applicable
2023-06-24 19:40:05,689 [INFO] Rule:228 - rule Change TZIC IT Secure Mode to Parameters is applicable
2023-06-24 19:40:05,689 [INFO] Rule:228 - rule Change TZIC IT No Secure Mode to Parameters is applicable
2023-06-24 19:40:05,689 [INFO] Rule:228 - rule Add MPCBB1_NonSecureArea_Start_Address value with referenced to MPCBB1_NonSecureArea_Start value is applicable
2023-06-24 19:40:05,689 [INFO] Rule:228 - rule Add MPCBB2_NonSecureArea_Start_Address value with referenced to MPCBB2_NonSecureArea_Start value is applicable
2023-06-24 19:40:05,689 [INFO] Rule:228 - rule Add MPCWM1_NonSecureArea*_Start_Address value with referenced to MPCWM1_NonSecureArea*_Start value is applicable
2023-06-24 19:40:05,689 [INFO] Rule:228 - rule Add MPCWM2_NonSecureArea*_Start_Address value with referenced to MPCWM2_NonSecureArea*_Start value is applicable
2023-06-24 19:40:05,689 [INFO] Rule:228 - rule Add MPCWM3_NonSecureArea_Start_Address value with referenced to MPCWM3_NonSecureArea_Start value is applicable
2023-06-24 19:40:05,689 [INFO] Rule:228 - rule Change Default Value for PLL1UserDefinedConfig is applicable
2023-06-24 19:40:05,689 [INFO] Rule:228 - rule Change GPIO_PuPd Default Value for USART in async mode is applicable
2023-06-24 19:40:05,689 [INFO] Rule:228 - rule Change SMPSDivider Default Value is applicable
2023-06-24 19:40:05,689 [INFO] Rule:228 - rule OPAMP is applicable
2023-06-24 19:40:05,689 [INFO] Rule:228 - rule LPUART IPParameter rename Prescaler parameter to ClockPrescaler for STM32H7 is applicable
2023-06-24 19:40:05,689 [INFO] Rule:228 - rule LPUART IPParameter rename Prescaler parameter to ClockPrescaler for STM32H7 is applicable
2023-06-24 19:40:05,689 [INFO] Rule:228 - rule LPUART IPParameter rename Prescaler parameter to ClockPrescaler for STM32WB is applicable
2023-06-24 19:40:05,689 [INFO] Rule:228 - rule LPUART IPParameter rename Prescaler parameter to ClockPrescaler for STM32WB is applicable
2023-06-24 19:40:05,690 [INFO] Rule:228 - rule LPUART IPParameter rename Prescaler parameter to ClockPrescaler for STM32G4 is applicable
2023-06-24 19:40:05,690 [INFO] Rule:228 - rule LPUART IPParameter rename Prescaler parameter to ClockPrescaler for STM32G4 is applicable
2023-06-24 19:40:05,690 [INFO] Rule:228 - rule LPUART IPParameter rename Prescaler parameter to ClockPrescaler for STM32L5 is applicable
2023-06-24 19:40:05,690 [INFO] Rule:228 - rule LPUART IPParameter rename Prescaler parameter to ClockPrescaler for STM32L5 is applicable
2023-06-24 19:40:05,690 [INFO] Rule:228 - rule LPUART IPParameter rename Prescaler parameter to ClockPrescaler for STM32G4 is applicable
2023-06-24 19:40:05,690 [INFO] Rule:228 - rule LPUART IPParameter rename Prescaler parameter to ClockPrescaler for STM32G4 is applicable
2023-06-24 19:40:05,690 [INFO] Rule:228 - rule USB device lib V2.5.3 for L0 rename USBD_SUPPORT_USER_STRING parameter to USBD_SUPPORT_USER_STRING_DESC4 is applicable
2023-06-24 19:40:05,690 [INFO] Rule:228 - rule I2SCLockSelection clock entry align is applicable
2023-06-24 19:40:05,690 [INFO] Rule:228 - rule Assign TIMx context if used as SYS timebase is applicable
2023-06-24 19:40:05,690 [INFO] Rule:228 - rule Change GPIO_Pu Default Value for I2C is applicable
2023-06-24 19:40:05,690 [INFO] Rule:228 - rule Change GPIO_Pu Default Value for SMBus is applicable
2023-06-24 19:40:05,690 [INFO] Rule:228 - rule change FDCAN default value is applicable
2023-06-24 19:40:05,691 [INFO] Rule:228 - rule Change mode sai is applicable
2023-06-24 19:40:05,691 [INFO] Rule:228 - rule **Change sai mode is applicable
2023-06-24 19:40:05,707 [INFO] DbConfProperties:307 - Apply Compatibility (78/289 Rules)
2023-06-24 19:40:07,692 [INFO] ImportTextPane:194 - (OptionalMessage_ERROR) Unable to find key (Mcu.ThirdPartyNb) in loaded IOC file
2023-06-24 19:40:07,774 [WARN] ModelIntegratedComponent:63 - No mode defined for component null
2023-06-24 19:40:07,775 [WARN] ModelIntegratedComponent:63 - No mode defined for component null
2023-06-24 19:40:07,775 [WARN] ModelIntegratedComponent:63 - No mode defined for component null
2023-06-24 19:40:07,775 [WARN] ModelIntegratedComponent:63 - No mode defined for component null
2023-06-24 19:40:07,775 [WARN] ModelIntegratedComponent:63 - No mode defined for component null
2023-06-24 19:40:07,775 [WARN] ModelIntegratedComponent:63 - No mode defined for component null
2023-06-24 19:40:07,775 [WARN] ModelIntegratedComponent:63 - No mode defined for component null
2023-06-24 19:40:07,775 [WARN] ModelIntegratedComponent:63 - No mode defined for component null
2023-06-24 19:40:07,775 [WARN] ModelIntegratedComponent:63 - No mode defined for component null
2023-06-24 19:40:07,775 [WARN] ModelIntegratedComponent:63 - No mode defined for component null
2023-06-24 19:40:07,775 [WARN] ModelIntegratedComponent:63 - No mode defined for component null
2023-06-24 19:40:07,776 [WARN] ModelIntegratedComponent:63 - No mode defined for component null
2023-06-24 19:40:07,776 [WARN] ModelIntegratedComponent:63 - No mode defined for component null
2023-06-24 19:40:07,776 [WARN] ModelIntegratedComponent:63 - No mode defined for component null
2023-06-24 19:40:07,776 [WARN] ModelIntegratedComponent:63 - No mode defined for component null
2023-06-24 19:40:07,776 [WARN] ModelIntegratedComponent:63 - No mode defined for component null
2023-06-24 19:40:07,776 [WARN] ModelIntegratedComponent:63 - No mode defined for component null
2023-06-24 19:40:07,776 [WARN] ModelIntegratedComponent:63 - No mode defined for component null
2023-06-24 19:40:07,776 [WARN] ModelIntegratedComponent:63 - No mode defined for component null
2023-06-24 19:40:07,776 [WARN] ModelIntegratedComponent:63 - No mode defined for component null
2023-06-24 19:40:07,776 [WARN] ModelIntegratedComponent:63 - No mode defined for component null
2023-06-24 19:40:07,777 [WARN] ModelIntegratedComponent:63 - No mode defined for component null
2023-06-24 19:40:07,777 [WARN] ModelIntegratedComponent:63 - No mode defined for component null
2023-06-24 19:40:07,777 [WARN] ModelIntegratedComponent:63 - No mode defined for component null
2023-06-24 19:40:07,777 [WARN] ModelIntegratedComponent:63 - No mode defined for component null
2023-06-24 19:40:07,777 [WARN] ModelIntegratedComponent:63 - No mode defined for component null
2023-06-24 19:40:07,777 [WARN] ModelIntegratedComponent:63 - No mode defined for component null
2023-06-24 19:40:07,777 [WARN] ModelIntegratedComponent:63 - No mode defined for component null
2023-06-24 19:40:07,777 [WARN] ModelIntegratedComponent:63 - No mode defined for component null
2023-06-24 19:40:07,777 [WARN] ModelIntegratedComponent:63 - No mode defined for component null
2023-06-24 19:40:07,778 [WARN] ModelIntegratedComponent:63 - No mode defined for component null
2023-06-24 19:40:07,778 [WARN] ModelIntegratedComponent:63 - No mode defined for component null
2023-06-24 19:40:07,778 [WARN] ModelIntegratedComponent:63 - No mode defined for component null
2023-06-24 19:40:07,948 [INFO] RtosManager:555 - Registered RTOS mode: class=CMSIS, group=RTOS, mode=CMSIS_V1, owner=FREERTOS
2023-06-24 19:40:07,949 [INFO] RtosManager:555 - Registered RTOS mode: class=CMSIS, group=RTOS2, mode=CMSIS_V2, owner=FREERTOS
2023-06-24 19:40:07,949 [INFO] RtosManager:555 - Registered RTOS mode: class=RTOS, group=Core, mode=CMSIS_V1, owner=FREERTOS
2023-06-24 19:40:07,949 [INFO] RtosManager:555 - Registered RTOS mode: class=RTOS, group=Core, mode=CMSIS_V2, owner=FREERTOS
2023-06-24 19:40:07,949 [WARN] ModelIntegratedComponent:184 - Missing modes for component STMicroelectronics:FreeRTOS:0.0.1:STMicroelectronics:RTOS:FreeRTOS:Core:::10.2.0:
2023-06-24 19:40:07,971 [INFO] ThirdPartyModel:298 - Start build external matchings
2023-06-24 19:40:08,312 [INFO] ThirdPartyModel:316 - End build external matchings
2023-06-24 19:40:08,562 [INFO] UtilMem:75 - End LoadConfig() Used Memory: 564978960 Bytes (954204160)
2023-06-24 19:40:08,709 [WARN] ThirdParty:833 - waiting for thirdparty lock release [change project]
2023-06-24 19:40:08,709 [INFO] ThirdParty:835 - entering critical section [change project]
2023-06-24 19:40:08,709 [INFO] ThirdParty:1030 - CMSIS Pack Vendor :STMicroelectronics X-CUBE-ISPU 1.1.0
2023-06-24 19:40:08,710 [INFO] ThirdParty:1030 - CMSIS Pack Vendor :STMicroelectronics X-CUBE-DISPLAY 3.0.0
2023-06-24 19:40:08,710 [INFO] ThirdParty:1030 - CMSIS Pack Vendor :STMicroelectronics USB_HOST 2.0.0
2023-06-24 19:40:08,710 [INFO] ThirdParty:1030 - CMSIS Pack Vendor :STMicroelectronics LIBJPEG 8.0.0
2023-06-24 19:40:08,710 [INFO] ThirdParty:1030 - CMSIS Pack Vendor :STMicroelectronics FP-ATR-SIGFOX1 3.2.0
2023-06-24 19:40:08,710 [INFO] ThirdParty:1030 - CMSIS Pack Vendor :STMicroelectronics X-CUBE-SMBUS 2.1.0
2023-06-24 19:40:08,710 [INFO] ThirdParty:1030 - CMSIS Pack Vendor :STMicroelectronics USB_DEVICE 3.0.0
2023-06-24 19:40:08,710 [INFO] ThirdParty:1030 - CMSIS Pack Vendor :STMicroelectronics HAL Drivers 0.0.0
2023-06-24 19:40:08,710 [INFO] ThirdParty:1030 - CMSIS Pack Vendor :STMicroelectronics MBEDTLS 2.16.2
2023-06-24 19:40:08,710 [INFO] ThirdParty:1030 - CMSIS Pack Vendor :STMicroelectronics X-CUBE-FREERTOS 1.0.1
2023-06-24 19:40:08,710 [INFO] ThirdParty:1030 - CMSIS Pack Vendor :STMicroelectronics X-CUBE-NFC7 1.0.1
2023-06-24 19:40:08,710 [INFO] ThirdParty:1030 - CMSIS Pack Vendor :STMicroelectronics MBEDTLS 2.14.1
2023-06-24 19:40:08,710 [INFO] ThirdParty:1030 - CMSIS Pack Vendor :STMicroelectronics X-CUBE-TOUCHGFX 4.21.4
2023-06-24 19:40:08,710 [INFO] ThirdParty:1030 - CMSIS Pack Vendor :STMicroelectronics X-CUBE-EEPRMA1 4.1.0
2023-06-24 19:40:08,710 [INFO] ThirdParty:1030 - CMSIS Pack Vendor :STMicroelectronics USB_DEVICE 2.0.0
2023-06-24 19:40:08,710 [INFO] ThirdParty:1030 - CMSIS Pack Vendor :STMicroelectronics X-CUBE-MEMS1 9.6.0
2023-06-24 19:40:08,711 [INFO] ThirdParty:1030 - CMSIS Pack Vendor :STMicroelectronics ThreadX 1.0.0
2023-06-24 19:40:08,711 [INFO] ThirdParty:1030 - CMSIS Pack Vendor :STMicroelectronics X-CUBE-AZRTOS-WB 1.1.0
2023-06-24 19:40:08,711 [INFO] ThirdParty:1030 - CMSIS Pack Vendor :STMicroelectronics FP-SNS-MOTENV1 4.3.1
2023-06-24 19:40:08,711 [INFO] ThirdParty:1030 - CMSIS Pack Vendor :STMicroelectronics FP-SNS-FLIGHT1 5.0.1
2023-06-24 19:40:08,711 [INFO] ThirdParty:1030 - CMSIS Pack Vendor :STMicroelectronics X-CUBE-AZRTOS-WL 2.0.0
2023-06-24 19:40:08,711 [INFO] ThirdParty:1030 - CMSIS Pack Vendor :SEGGER I-CUBE-embOS 1.3.1
2023-06-24 19:40:08,711 [INFO] ThirdParty:1030 - CMSIS Pack Vendor :STMicroelectronics X-CUBE-BLE1 6.2.4
2023-06-24 19:40:08,711 [INFO] ThirdParty:1030 - CMSIS Pack Vendor :STMicroelectronics X-CUBE-AZRTOS-L5 1.1.0
2023-06-24 19:40:08,711 [INFO] ThirdParty:1030 - CMSIS Pack Vendor :STMicroelectronics FreeRTOS 0.0.1
2023-06-24 19:40:08,711 [INFO] ThirdParty:1030 - CMSIS Pack Vendor :STMicroelectronics USB_DEVICE 1.0.0
2023-06-24 19:40:08,711 [INFO] ThirdParty:1030 - CMSIS Pack Vendor :STMicroelectronics X-CUBE-BLEMGR 2.0.0
2023-06-24 19:40:08,712 [INFO] ThirdParty:1030 - CMSIS Pack Vendor :STMicroelectronics X-CUBE-AI 8.0.1
2023-06-24 19:40:08,712 [INFO] ThirdParty:1030 - CMSIS Pack Vendor :STMicroelectronics X-CUBE-NFC4 3.0.0
2023-06-24 19:40:08,712 [INFO] ThirdParty:1030 - CMSIS Pack Vendor :STMicroelectronics STM32_WPAN 1.0.0
2023-06-24 19:40:08,712 [INFO] ThirdParty:1030 - CMSIS Pack Vendor :STMicroelectronics X-CUBE-AZRTOS-L4 2.0.0
2023-06-24 19:40:08,712 [INFO] ThirdParty:1030 - CMSIS Pack Vendor :STMicroelectronics ThreadX 0.0.2
2023-06-24 19:40:08,712 [INFO] ThirdParty:1030 - CMSIS Pack Vendor :WES I-CUBE-Cesium 1.3.0
2023-06-24 19:40:08,712 [INFO] ThirdParty:1030 - CMSIS Pack Vendor :STMicroelectronics FP-ATR-ASTRA1 2.0.0
2023-06-24 19:40:08,712 [INFO] ThirdParty:1030 - CMSIS Pack Vendor :STMicroelectronics lwIP 2.0.3
2023-06-24 19:40:08,712 [INFO] ThirdParty:1030 - CMSIS Pack Vendor :STMicroelectronics lwIP 2.1.2
2023-06-24 19:40:08,712 [INFO] ThirdParty:1030 - CMSIS Pack Vendor :STMicroelectronics USB_HOST 1.0.0
2023-06-24 19:40:08,712 [INFO] ThirdParty:1030 - CMSIS Pack Vendor :STMicroelectronics X-CUBE-AZRTOS-G4 2.0.0
2023-06-24 19:40:08,712 [INFO] ThirdParty:1030 - CMSIS Pack Vendor :STMicroelectronics PDM2PCM 3.1.0
2023-06-24 19:40:08,712 [INFO] ThirdParty:1030 - CMSIS Pack Vendor :STMicroelectronics X-CUBE-AZRTOS-H7 3.1.0
2023-06-24 19:40:08,712 [INFO] ThirdParty:1030 - CMSIS Pack Vendor :STMicroelectronics X-CUBE-TOF1 3.3.0
2023-06-24 19:40:08,712 [INFO] ThirdParty:1030 - CMSIS Pack Vendor :STMicroelectronics PDM2PCM 3.2.0
2023-06-24 19:40:08,712 [INFO] ThirdParty:1030 - CMSIS Pack Vendor :STMicroelectronics PDM2PCM 3.3.0
2023-06-24 19:40:08,712 [INFO] ThirdParty:841 - exiting critical section [change project]
2023-06-24 19:40:09,055 [INFO] PinOutPanel:1499 - setPackage(No Configuration,No Configuration)
2023-06-24 19:40:09,057 [INFO] PinOutPanel:1499 - setPackage(STM32F401RETx,LQFP64)
2023-06-24 19:40:09,767 [INFO] UtilMem:75 - Before build in PCC Used Memory: 460859264 Bytes (954204160)
2023-06-24 19:40:10,573 [INFO] UtilMem:75 - After build in PCC Used Memory: 635971456 Bytes (954204160)
2023-06-24 19:40:10,614 [INFO] IPUIPlugin:80 - create IPUIPlugin
2023-06-24 19:40:10,614 [INFO] IPUIPlugin:80 - create IPUIPlugin
2023-06-24 19:40:10,614 [INFO] IPUIPlugin:80 - create IPUIPlugin
2023-06-24 19:40:10,615 [INFO] IPUIPlugin:80 - create IPUIPlugin
2023-06-24 19:40:10,615 [INFO] IPUIPlugin:80 - create IPUIPlugin
2023-06-24 19:40:10,615 [INFO] IPUIPlugin:80 - create IPUIPlugin
2023-06-24 19:40:10,615 [INFO] IPUIPlugin:80 - create IPUIPlugin
2023-06-24 19:40:10,615 [INFO] IPUIPlugin:80 - create IPUIPlugin
2023-06-24 19:40:10,615 [INFO] IPUIPlugin:80 - create IPUIPlugin
2023-06-24 19:40:10,615 [INFO] IPUIPlugin:80 - create IPUIPlugin
2023-06-24 19:40:10,616 [INFO] IPUIPlugin:80 - create IPUIPlugin
2023-06-24 19:40:10,616 [INFO] IPUIPlugin:80 - create IPUIPlugin
2023-06-24 19:40:10,616 [INFO] IPUIPlugin:80 - create IPUIPlugin
2023-06-24 19:40:10,616 [INFO] IPUIPlugin:80 - create IPUIPlugin
2023-06-24 19:40:10,617 [INFO] IPUIPlugin:80 - create IPUIPlugin
2023-06-24 19:40:10,617 [INFO] IPUIPlugin:80 - create IPUIPlugin
2023-06-24 19:40:10,617 [INFO] IPUIPlugin:80 - create IPUIPlugin
2023-06-24 19:40:10,618 [INFO] IPUIPlugin:80 - create IPUIPlugin
2023-06-24 19:40:10,618 [INFO] IPUIPlugin:80 - create IPUIPlugin
2023-06-24 19:40:10,618 [INFO] IPUIPlugin:80 - create IPUIPlugin
2023-06-24 19:40:10,619 [INFO] IPUIPlugin:80 - create IPUIPlugin
2023-06-24 19:40:10,619 [INFO] IPUIPlugin:80 - create IPUIPlugin
2023-06-24 19:40:10,619 [INFO] IPUIPlugin:80 - create IPUIPlugin
2023-06-24 19:40:10,620 [INFO] IPUIPlugin:80 - create IPUIPlugin
2023-06-24 19:40:10,620 [INFO] IPUIPlugin:80 - create IPUIPlugin
2023-06-24 19:40:10,620 [INFO] IPUIPlugin:80 - create IPUIPlugin
2023-06-24 19:40:10,621 [INFO] IPUIPlugin:80 - create IPUIPlugin
2023-06-24 19:40:10,621 [INFO] IPUIPlugin:80 - create IPUIPlugin
2023-06-24 19:40:10,621 [INFO] IPUIPlugin:80 - create IPUIPlugin
2023-06-24 19:40:10,622 [INFO] IPUIPlugin:80 - create IPUIPlugin
2023-06-24 19:40:10,622 [INFO] IPUIPlugin:80 - create IPUIPlugin
2023-06-24 19:40:10,622 [INFO] IPUIPlugin:80 - create IPUIPlugin
2023-06-24 19:40:10,623 [INFO] IPUIPlugin:80 - create IPUIPlugin
2023-06-24 19:40:10,623 [INFO] IPUIPlugin:80 - create IPUIPlugin
2023-06-24 19:40:10,624 [INFO] IPUIPlugin:80 - create IPUIPlugin
2023-06-24 19:40:10,624 [INFO] IPUIPlugin:80 - create IPUIPlugin
2023-06-24 19:40:10,624 [INFO] IPUIPlugin:80 - create IPUIPlugin
2023-06-24 19:40:10,625 [INFO] IPUIPlugin:80 - create IPUIPlugin
2023-06-24 19:40:10,715 [INFO] ApiDbMcu:507 - Load IP Config File for PDM2PCM
2023-06-24 19:40:10,949 [INFO] CADModel:165 - CPN selected for project levelSTM32F401RET6
2023-06-24 19:40:10,949 [INFO] CADModel:114 - Register for checkConnection events
2023-06-24 19:40:11,010 [INFO] OpenFileManager:328 - Restore cursor
2023-06-24 19:40:12,336 [INFO] UtilMem:75 - End SaveConfig() Used Memory: 384010160 Bytes (954204160)
2023-06-24 19:40:12,801 [INFO] ServerAccessManage:473 - Download File stm32cube_fw_f4_v1270.zip
2023-06-24 19:40:38,170 [ERROR] ServerAccessManage:651 - User Cancel Download : stm32cube_fw_f4_v1270.zip.
2023-06-24 19:40:38,283 [INFO] LoadServerPackagesThread:196 - End of LoadServerPackages Thread
2023-06-24 19:40:38,440 [INFO] ThirdPartyModel:298 - Start build external matchings
2023-06-24 19:40:38,668 [INFO] ThirdPartyModel:316 - End build external matchings
2023-06-24 19:40:38,673 [INFO] CheckServerUpdateThread:120 - End of CheckServer Thread
2023-06-24 19:40:40,510 [INFO] McuFinderGlobals:66 - Set McuFinderConnectedMode to true
2023-06-24 19:40:40,511 [INFO] ApiDb:448 - Save user favorites file C:\Users\Admin/.stm32cubeide/favorites.mcus.txt: 0 item(s)
2023-06-24 19:40:40,512 [INFO] ApiDb:452 - User favorites MCUs=[]
2023-06-24 19:40:40,512 [INFO] ApiDb:448 - Save user favorites file C:\Users\Admin/.stm32cubeide/favorites.boards.txt: 0 item(s)
2023-06-24 19:40:40,513 [INFO] ApiDb:452 - User favorites Boards=[]
